#
# There is insufficient memory for the Java Runtime Environment to continue.
# Native memory allocation (mmap) failed to map 524288000 bytes. Error detail: G1 virtual space
# Possible reasons:
#   The system is out of physical RAM or swap space
#   This process is running with CompressedOops enabled, and the Java Heap may be blocking the growth of the native heap
# Possible solutions:
#   Reduce memory load on the system
#   Increase physical memory or swap space
#   Check if swap backing store is full
#   Decrease Java heap size (-Xmx/-Xms)
#   Decrease number of Java threads
#   Decrease Java thread stack sizes (-Xss)
#   Set larger code cache with -XX:ReservedCodeCacheSize=
#   JVM is running with Zero Based Compressed Oops mode in which the Java heap is
#     placed in the first 32GB address space. The Java Heap base address is the
#     maximum limit for the native heap growth. Please use -XX:HeapBaseMinAddress
#     to set the Java Heap base and to place the Java Heap above 32GB virtual address.
# This output file may be truncated or incomplete.
#
#  Out of Memory Error (os_windows.cpp:3631), pid=16680, tid=14764
#
# JRE version:  (22.0.1+8) (build )
# Java VM: Java HotSpot(TM) 64-Bit Server VM (22.0.1+8-16, mixed mode, sharing, tiered, compressed oops, compressed class ptrs, g1 gc, windows-amd64)
# No core dump will be written. Minidumps are not enabled by default on client versions of Windows
#

---------------  S U M M A R Y ------------

Command Line: org.jetbrains.kotlin.cli.jvm.K2JVMCompiler @D:\Jimmy\dart\flutter\packages\flutter_tools\gradle\build\20250607_2765771306544746611.compiler.options

Host: AMD Ryzen 7 PRO 4750U with Radeon Graphics, 16 cores, 31G,  Windows 10 , 64 bit Build 19041 (10.0.19041.5794)
Time: Sat Jun  7 01:19:57 2025  Windows 10 , 64 bit Build 19041 (10.0.19041.5794) elapsed time: 0.009881 seconds (0d 0h 0m 0s)

---------------  T H R E A D  ---------------

Current thread (0x000001bfdff61100):  JavaThread "Unknown thread" [_thread_in_vm, id=14764, stack(0x0000003d49300000,0x0000003d49400000) (1024K)]

Stack: [0x0000003d49300000,0x0000003d49400000]
Native frames: (J=compiled Java code, j=interpreted, Vv=VM code, C=native code)
V  [jvm.dll+0x6e2279]  (no source info available)
V  [jvm.dll+0x874e33]  (no source info available)
V  [jvm.dll+0x87725e]  (no source info available)
V  [jvm.dll+0x877933]  (no source info available)
V  [jvm.dll+0x27fd76]  (no source info available)
V  [jvm.dll+0x6de915]  (no source info available)
V  [jvm.dll+0x6d341a]  (no source info available)
V  [jvm.dll+0x3589da]  (no source info available)
V  [jvm.dll+0x360f06]  (no source info available)
V  [jvm.dll+0x3b3e2e]  (no source info available)
V  [jvm.dll+0x3b40d8]  (no source info available)
V  [jvm.dll+0x32c59c]  (no source info available)
V  [jvm.dll+0x32d158]  (no source info available)
V  [jvm.dll+0x83ccdc]  (no source info available)
V  [jvm.dll+0x3c0d71]  (no source info available)
V  [jvm.dll+0x825ccc]  (no source info available)
V  [jvm.dll+0x45b8fe]  (no source info available)
V  [jvm.dll+0x45d781]  (no source info available)
C  [jli.dll+0x52a3]  (no source info available)
C  [ucrtbase.dll+0x21bb2]  (no source info available)
C  [KERNEL32.DLL+0x17374]  (no source info available)
C  [ntdll.dll+0x4cc91]  (no source info available)


---------------  P R O C E S S  ---------------

Threads class SMR info:
_java_thread_list=0x00007ffe93e4b1c8, length=0, elements={
}

Java Threads: ( => current thread )
Total: 0

Other Threads:
  0x000001bfe2179ce0 WorkerThread "GC Thread#0"                     [id=8604, stack(0x0000003d49400000,0x0000003d49500000) (1024K)]
  0x000001bfe218a850 ConcurrentGCThread "G1 Main Marker"            [id=4536, stack(0x0000003d49500000,0x0000003d49600000) (1024K)]
  0x000001bfe218b360 WorkerThread "G1 Conc#0"                       [id=22144, stack(0x0000003d49600000,0x0000003d49700000) (1024K)]

[error occurred during error reporting (printing all threads), id 0xc0000005, EXCEPTION_ACCESS_VIOLATION (0xc0000005) at pc=0x00007ffe9359f367]
VM state: not at safepoint (not fully initialized)

VM Mutex/Monitor currently owned by a thread:  ([mutex/lock_event])
[0x00007ffe93ecbcb8] Heap_lock - owner thread: 0x000001bfdff61100

Heap address: 0x000000060c400000, size: 7996 MB, Compressed Oops mode: Zero based, Oop shift amount: 3

CDS archive(s) mapped at: [0x0000000000000000-0x0000000000000000-0x0000000000000000), size 0, SharedBaseAddress: 0x0000000800000000, ArchiveRelocationMode: 1.
Narrow klass base: 0x0000000000000000, Narrow klass shift: 0, Narrow klass range: 0x0

GC Precious Log:
 CardTable entry size: 512
 Card Set container configuration: InlinePtr #cards 4 size 8 Array Of Cards #cards 32 size 80 Howl #buckets 8 coarsen threshold 7372 Howl Bitmap #cards 1024 size 144 coarsen threshold 921 Card regions per heap region 1 cards per card region 8192

Heap:
 garbage-first heap   total reserved 8187904K, committed 0K, used 0K [0x000000060c400000, 0x0000000800000000)
  region size 4096K, 0 young (0K), 0 survivors (0K)

[error occurred during error reporting (printing heap information), id 0xc0000005, EXCEPTION_ACCESS_VIOLATION (0xc0000005) at pc=0x00007ffe9399e429]
GC Heap History (0 events):
No events

Dll operation events (1 events):
Event: 0.006 Loaded shared library C:\Program Files\Java\jdk-22\bin\java.dll

Deoptimization events (0 events):
No events

Classes loaded (0 events):
No events

Classes unloaded (0 events):
No events

Classes redefined (0 events):
No events

Internal exceptions (0 events):
No events

ZGC Phase Switch (0 events):
No events

VM Operations (0 events):
No events

Events (0 events):
No events


Dynamic libraries:
0x00007ff6294e0000 - 0x00007ff6294f0000 	C:\Program Files\Java\jdk-22\bin\java.exe
0x00007fff11570000 - 0x00007fff11768000 	C:\Windows\SYSTEM32\ntdll.dll
0x00007fff0f5a0000 - 0x00007fff0f662000 	C:\Windows\System32\KERNEL32.DLL
0x00007fff0ec10000 - 0x00007fff0ef06000 	C:\Windows\System32\KERNELBASE.dll
0x00007fff0f420000 - 0x00007fff0f520000 	C:\Windows\System32\ucrtbase.dll
0x00007fff0bda0000 - 0x00007fff0bdbb000 	C:\Program Files\Java\jdk-22\bin\VCRUNTIME140.dll
0x00007ffeeef50000 - 0x00007ffeeef67000 	C:\Program Files\Java\jdk-22\bin\jli.dll
0x00007fff10140000 - 0x00007fff101ef000 	C:\Windows\System32\ADVAPI32.dll
0x00007fff10510000 - 0x00007fff105ae000 	C:\Windows\System32\msvcrt.dll
0x00007fff10690000 - 0x00007fff1072f000 	C:\Windows\System32\sechost.dll
0x00007fff11250000 - 0x00007fff11373000 	C:\Windows\System32\RPCRT4.dll
0x00007fff0f340000 - 0x00007fff0f367000 	C:\Windows\System32\bcrypt.dll
0x00007fff110b0000 - 0x00007fff1124d000 	C:\Windows\System32\USER32.dll
0x00007fff0ef10000 - 0x00007fff0ef32000 	C:\Windows\System32\win32u.dll
0x00007ffefba70000 - 0x00007ffefbd0a000 	C:\Windows\WinSxS\amd64_microsoft.windows.common-controls_6595b64144ccf1df_6.0.19041.5794_none_60bcd33171f2783c\COMCTL32.dll
0x00007fff10840000 - 0x00007fff1086b000 	C:\Windows\System32\GDI32.dll
0x00007fff0f0c0000 - 0x00007fff0f1da000 	C:\Windows\System32\gdi32full.dll
0x00007fff0f020000 - 0x00007fff0f0bd000 	C:\Windows\System32\msvcp_win.dll
0x00007fff03750000 - 0x00007fff0375a000 	C:\Windows\SYSTEM32\VERSION.dll
0x00007fff10410000 - 0x00007fff1043f000 	C:\Windows\System32\IMM32.DLL
0x00007fff0bd90000 - 0x00007fff0bd9c000 	C:\Program Files\Java\jdk-22\bin\vcruntime140_1.dll
0x00007ffedc0d0000 - 0x00007ffedc15e000 	C:\Program Files\Java\jdk-22\bin\msvcp140.dll
0x00007ffe93260000 - 0x00007ffe93fa7000 	C:\Program Files\Java\jdk-22\bin\server\jvm.dll
0x00007fff11460000 - 0x00007fff114cb000 	C:\Windows\System32\WS2_32.dll
0x00007fff0e9c0000 - 0x00007fff0ea0b000 	C:\Windows\SYSTEM32\POWRPROF.dll
0x00007fff03720000 - 0x00007fff03747000 	C:\Windows\SYSTEM32\WINMM.dll
0x00007fff0e9a0000 - 0x00007fff0e9b2000 	C:\Windows\SYSTEM32\UMPDC.dll
0x00007fff0d430000 - 0x00007fff0d442000 	C:\Windows\SYSTEM32\kernel.appcore.dll
0x00007fff05550000 - 0x00007fff0555a000 	C:\Program Files\Java\jdk-22\bin\jimage.dll
0x00007fff0d200000 - 0x00007fff0d401000 	C:\Windows\SYSTEM32\DBGHELP.DLL
0x00007ffeec130000 - 0x00007ffeec164000 	C:\Windows\SYSTEM32\dbgcore.DLL
0x00007fff0ef90000 - 0x00007fff0f012000 	C:\Windows\System32\bcryptPrimitives.dll
0x00007fff0bd70000 - 0x00007fff0bd8e000 	C:\Program Files\Java\jdk-22\bin\java.dll
0x00007fff10940000 - 0x00007fff110ae000 	C:\Windows\System32\SHELL32.dll
0x00007fff0f670000 - 0x00007fff0f79b000 	C:\Windows\System32\ole32.dll
0x00007fff0fd30000 - 0x00007fff10083000 	C:\Windows\System32\combase.dll

dbghelp: loaded successfully - version: 4.0.5 - missing functions: none
symbol engine: initialized successfully - sym options: 0x614 - pdb path: .;C:\Program Files\Java\jdk-22\bin;C:\Windows\SYSTEM32;C:\Windows\WinSxS\amd64_microsoft.windows.common-controls_6595b64144ccf1df_6.0.19041.5794_none_60bcd33171f2783c;C:\Program Files\Java\jdk-22\bin\server

VM Arguments:
java_command: org.jetbrains.kotlin.cli.jvm.K2JVMCompiler @D:\Jimmy\dart\flutter\packages\flutter_tools\gradle\build\20250607_2765771306544746611.compiler.options
java_class_path (initial): C:\Users\jimmy\.gradle\caches\modules-2\files-2.1\org.jetbrains.kotlin\kotlin-compiler-embeddable\2.0.21\79346ed53db48b18312a472602eb5c057070c54d\kotlin-compiler-embeddable-2.0.21.jar;C:\Users\jimmy\.gradle\caches\modules-2\files-2.1\org.jetbrains.kotlin\kotlin-stdlib\2.0.21\618b539767b4899b4660a83006e052b63f1db551\kotlin-stdlib-2.0.21.jar;C:\Users\jimmy\.gradle\caches\modules-2\files-2.1\org.jetbrains.kotlin\kotlin-script-runtime\2.0.21\c9b044380ad41f89aa89aa896c2d32a8c0b2129d\kotlin-script-runtime-2.0.21.jar;C:\Users\jimmy\.gradle\caches\modules-2\files-2.1\org.jetbrains.kotlin\kotlin-reflect\1.6.10\1cbe9c92c12a94eea200d23c2bbaedaf3daf5132\kotlin-reflect-1.6.10.jar;C:\Users\jimmy\.gradle\caches\modules-2\files-2.1\org.jetbrains.kotlin\kotlin-daemon-embeddable\2.0.21\c9e933b23287de9b5a17e2116b4657bb91aea72c\kotlin-daemon-embeddable-2.0.21.jar;C:\Users\jimmy\.gradle\caches\modules-2\files-2.1\org.jetbrains.intellij.deps\trove4j\1.0.20200330\3afb14d5f9ceb459d724e907a21145e8ff394f02\trove4j-1.0.20200330.jar;C:\Users\jimmy\.gradle\caches\modules-2\files-2.1\org.jetbrains.kotlinx\kotlinx-coroutines-core-jvm\1.6.4\2c997cd1c0ef33f3e751d3831929aeff1390cb30\kotlinx-coroutines-core-jvm-1.6.4.jar;C:\Users\jimmy\.gradle\caches\modules-2\files-2.1\org.jetbrains\annotations\13.0\919f0dfe192fb4e063e7dacadee7f8bb9a2672a9\annotations-13.0.jar
Launcher Type: SUN_STANDARD

[Global flags]
     intx CICompilerCount                          = 12                                        {product} {ergonomic}
     uint ConcGCThreads                            = 3                                         {product} {ergonomic}
     uint G1ConcRefinementThreads                  = 13                                        {product} {ergonomic}
   size_t G1HeapRegionSize                         = 4194304                                   {product} {ergonomic}
   size_t InitialHeapSize                          = 524288000                                 {product} {ergonomic}
   size_t MarkStackSize                            = 4194304                                   {product} {ergonomic}
   size_t MaxHeapSize                              = 8384413696                                {product} {ergonomic}
   size_t MinHeapDeltaBytes                        = 4194304                                   {product} {ergonomic}
   size_t MinHeapSize                              = 8388608                                   {product} {ergonomic}
    uintx NonNMethodCodeHeapSize                   = 7602480                                {pd product} {ergonomic}
    uintx NonProfiledCodeHeapSize                  = 122027880                              {pd product} {ergonomic}
    uintx ProfiledCodeHeapSize                     = 122027880                              {pd product} {ergonomic}
    uintx ReservedCodeCacheSize                    = 251658240                              {pd product} {ergonomic}
     bool SegmentedCodeCache                       = true                                      {product} {ergonomic}
   size_t SoftMaxHeapSize                          = 8384413696                             {manageable} {ergonomic}
     bool UseCompressedOops                        = true                           {product lp64_product} {ergonomic}
     bool UseG1GC                                  = true                                      {product} {ergonomic}
     bool UseLargePagesIndividualAllocation        = false                                  {pd product} {ergonomic}

Logging:
Log output configuration:
 #0: stdout all=warning uptime,level,tags foldmultilines=false
 #1: stderr all=off uptime,level,tags foldmultilines=false

Environment Variables:
JAVA_HOME=C:\Program Files\Java\jdk-22
PATH=D:\Jimmy\dart\flutter\bin;D:\Jimmy\cmake\bin;C:\Program Files\National Instruments\Shared\OpenVINO\;C:\Program Files (x86)\VMware\VMware Workstation\bin\;C:\Program Files\Common Files\Oracle\Java\javapath;C:\Windows\system32;C:\Windows;C:\Windows\System32\Wbem;C:\Windows\System32\WindowsPowerShell\v1.0\;C:\Windows\System32\OpenSSH\;C:\Program Files\dotnet\;D:\Jimmy\Desktop\Á{®É¦s¨ú\003;D:\Jimmy\Desktop\code\javascript\node.js\;C:\Program Files\Git\cmd;C:\Program Files\Microsoft SQL Server\150\Tools\Binn\;C:\Program Files\Microsoft SQL Server\Client SDK\ODBC\170\Tools\Binn\;C:\Users\jimmy\Desktop\skia en\skia\third_party\externals\emsdk;C:\Users\jimmy\Desktop\skia en\skia\third_party\externals\emsdk\upstream\emscripten;C:\Users\jimmy\AppData\Local\Programs\Python\Python313;C:\Program Files\Java\jdk-22\bin;D:\Jimmy\vs\Microsoft VS Code\bin;D:\Jimmy\kotlin-native-prebuilt-windows-x86_64-2.1.10\bin;D:\Jimmy\kotlinc\bin;C:\Users\jimmy\AppData\Local\Android\Sdk\emulator;C:\Users\jimmy\AppData\Local\Android\Sdk\platform-tools;C:\Users\jimmy\AppData\Local\Android\Sdk\tools;C:\Users\jimmy\AppData\Local\Android\Sdk\tools\bin;D:\Windows Kits\10\Windows Performance Toolkit\;C:\Users\jimmy\AppData\Local\jdk-11.0.2\bin;C:\Users\jimmy\AppData\Local\jdk-11.0.2\bin;C:\Users\jimmy\AppData\Local\jdk-11.0.2\bin;C:\Users\jimmy\AppData\Local\Programs\Python\Python313\Scripts\;C:\Users\jimmy\AppData\Local\Programs\Python\Python313\;D:\Jimmy\dart\flutter\bin;D:\JImmy\vs\Microsoft VS Code\bin;D:\Jimmy\kotlinc\lib;D:\Jimmy\cmake\bin;C:\Program Files\National Instruments\Shared\OpenVINO\;C:\Program Files (x86)\VMware\VMware Workstation\bin\;C:\Program Files\Common Files\Oracle\Java\javapath;C:\Windows\system32;C:\Windows;C:\Windows\System32\Wbem;C:\Windows\System32\WindowsPowerShell\v1.0\;C:\Windows\System32\OpenSSH\;C:\Program Files\dotnet\;D:\Jimmy\Desktop\code\javascript\node.js\;C:\Program Files\Git\cmd;C:\Program Files\Microsoft SQL Server\150\Tools\Binn\;C:\Program Files\Microsoft SQL Server\Client SDK\ODBC\170\Tools\Binn\;D:\Windows Kits\10\Windows Performance Toolkit\;C:\Users\jimmy\AppData\Local\Programs\Python\Python313;C:\Program Files\Java\jdk-22\bin;D:\Jimmy\vs\Microsoft VS Code\b
USERNAME=jimmy
OS=Windows_NT
PROCESSOR_IDENTIFIER=AMD64 Family 23 Model 96 Stepping 1, AuthenticAMD
TMP=C:\Users\jimmy\AppData\Local\Temp
TEMP=C:\Users\jimmy\AppData\Local\Temp




Periodic native trim disabled

---------------  S Y S T E M  ---------------

OS:
 Windows 10 , 64 bit Build 19041 (10.0.19041.5794)
OS uptime: 1 days 6:51 hours

CPU: total 16 (initial active 16) (16 cores per cpu, 2 threads per core) family 23 model 96 stepping 1 microcode 0x0, cx8, cmov, fxsr, ht, mmx, 3dnowpref, sse, sse2, sse3, ssse3, sse4a, sse4.1, sse4.2, popcnt, lzcnt, tsc, tscinvbit, avx, avx2, aes, clmul, bmi1, bmi2, adx, sha, fma, vzeroupper, clflush, clflushopt, rdtscp, rdpid, f16c
Processor Information for all 16 processors :
  Max Mhz: 1700, Current Mhz: 1700, Mhz Limit: 1700

Memory: 4k page, system-wide physical 31975M (8730M free)
TotalPageFile size 36071M (AvailPageFile size 478M)
current process WorkingSet (physical memory assigned to process): 12M, peak: 12M
current process commit charge ("private bytes"): 71M, peak: 571M

vm_info: Java HotSpot(TM) 64-Bit Server VM (22.0.1+8-16) for windows-amd64 JRE (22.0.1+8-16), built on 2024-03-12T10:33:16Z by "mach5one" with MS VC++ 17.6 (VS2022)

END.
