#
# There is insufficient memory for the Java Runtime Environment to continue.
# Native memory allocation (malloc) failed to allocate 1438896 bytes. Error detail: Chunk::new
# Possible reasons:
#   The system is out of physical RAM or swap space
#   This process is running with CompressedOops enabled, and the Java Heap may be blocking the growth of the native heap
# Possible solutions:
#   Reduce memory load on the system
#   Increase physical memory or swap space
#   Check if swap backing store is full
#   Decrease Java heap size (-Xmx/-Xms)
#   Decrease number of Java threads
#   Decrease Java thread stack sizes (-Xss)
#   Set larger code cache with -XX:ReservedCodeCacheSize=
#   JVM is running with Zero Based Compressed Oops mode in which the Java heap is
#     placed in the first 32GB address space. The Java Heap base address is the
#     maximum limit for the native heap growth. Please use -XX:HeapBaseMinAddress
#     to set the Java Heap base and to place the Java Heap above 32GB virtual address.
# This output file may be truncated or incomplete.
#
#  Out of Memory Error (arena.cpp:150), pid=22680, tid=3900
#
# JRE version: Java(TM) SE Runtime Environment (22.0.1+8) (build 22.0.1+8-16)
# Java VM: Java HotSpot(TM) 64-Bit Server VM (22.0.1+8-16, mixed mode, sharing, tiered, compressed oops, compressed class ptrs, g1 gc, windows-amd64)
# No core dump will be written. Minidumps are not enabled by default on client versions of Windows
#

---------------  S U M M A R Y ------------

Command Line: -XX:MaxMetaspaceSize=4G -XX:ReservedCodeCacheSize=512m -XX:+HeapDumpOnOutOfMemoryError --add-opens=java.base/java.util=ALL-UNNAMED --add-opens=java.base/java.lang=ALL-UNNAMED --add-opens=java.base/java.lang.invoke=ALL-UNNAMED --add-opens=java.prefs/java.util.prefs=ALL-UNNAMED --add-exports=jdk.compiler/com.sun.tools.javac.api=ALL-UNNAMED --add-exports=jdk.compiler/com.sun.tools.javac.util=ALL-UNNAMED --add-opens=java.base/java.nio.charset=ALL-UNNAMED --add-opens=java.base/java.net=ALL-UNNAMED --add-opens=java.base/java.util.concurrent.atomic=ALL-UNNAMED -Xmx8G -Dfile.encoding=utf8 -Duser.country=TW -Duser.language=zh -Duser.variant -javaagent:C:\Users\jimmy\.gradle\wrapper\dists\gradle-8.10.2-all\7iv73wktx1xtkvlq19urqw1wm\gradle-8.10.2\lib\agents\gradle-instrumentation-agent-8.10.2.jar org.gradle.launcher.daemon.bootstrap.GradleDaemon 8.10.2

Host: AMD Ryzen 7 PRO 4750U with Radeon Graphics, 16 cores, 31G,  Windows 10 , 64 bit Build 19041 (10.0.19041.5794)
Time: Sat Jun  7 01:21:32 2025  Windows 10 , 64 bit Build 19041 (10.0.19041.5794) elapsed time: 76.941216 seconds (0d 0h 1m 16s)

---------------  T H R E A D  ---------------

Current thread (0x000002dd14c8cc50):  JavaThread "C2 CompilerThread1" daemon [_thread_in_native, id=3900, stack(0x000000f83cf00000,0x000000f83d000000) (1024K)]


Current CompileTask:
C2:76941 31031       4       org.gradle.api.internal.artifacts.ivyservice.resolveengine.graph.builder.DependencyGraphBuilder::resolveEdges (47 bytes)

Stack: [0x000000f83cf00000,0x000000f83d000000]
Native frames: (J=compiled Java code, j=interpreted, Vv=VM code, C=native code)
V  [jvm.dll+0x6e2279]  (no source info available)
V  [jvm.dll+0x874e33]  (no source info available)
V  [jvm.dll+0x87725e]  (no source info available)
V  [jvm.dll+0x877933]  (no source info available)
V  [jvm.dll+0x27fd76]  (no source info available)
V  [jvm.dll+0xc3d0f]  (no source info available)
V  [jvm.dll+0xc3f6b]  (no source info available)
V  [jvm.dll+0x3bb0d2]  (no source info available)
V  [jvm.dll+0x387b6b]  (no source info available)
V  [jvm.dll+0x386fda]  (no source info available)
V  [jvm.dll+0x247918]  (no source info available)
V  [jvm.dll+0x246fbf]  (no source info available)
V  [jvm.dll+0x1c4e90]  (no source info available)
V  [jvm.dll+0x2569fe]  (no source info available)
V  [jvm.dll+0x254cba]  (no source info available)
V  [jvm.dll+0x3f5336]  (no source info available)
V  [jvm.dll+0x81d44b]  (no source info available)
V  [jvm.dll+0x6e0915]  (no source info available)
C  [ucrtbase.dll+0x21bb2]  (no source info available)
C  [KERNEL32.DLL+0x17374]  (no source info available)
C  [ntdll.dll+0x4cc91]  (no source info available)


---------------  P R O C E S S  ---------------

Threads class SMR info:
_java_thread_list=0x000002dd033a3a50, length=66, elements={
0x000002dc85858630, 0x000002dcbd835960, 0x000002dcbd836680, 0x000002dcbd8387b0,
0x000002dcbd83cf40, 0x000002dcbd83d760, 0x000002dcbd83df80, 0x000002dcbd83ed40,
0x000002dcbd848c30, 0x000002dcbda1fc10, 0x000002dcbdb7fa30, 0x000002dcffa69a90,
0x000002dcffa64510, 0x000002dcffd80820, 0x000002dcffca29d0, 0x000002dcffcf1360,
0x000002dcffceffb0, 0x000002dcffcf19f0, 0x000002dcffcf2080, 0x000002dd03c43fd0,
0x000002dd03c46730, 0x000002dd03c45380, 0x000002dd03c47450, 0x000002dd03c44cf0,
0x000002dd03c46dc0, 0x000002dd02857d60, 0x000002dd028583f0, 0x000002dd028548e0,
0x000002dd02859110, 0x000002dd02852810, 0x000002dd028576d0, 0x000002dd016eda80,
0x000002dd05f73770, 0x000002dd07959600, 0x000002dd075c1ad0, 0x000002dd0263e490,
0x000002dd075c4f50, 0x000002dd034d6360, 0x000002dd07e463a0, 0x000002dd0263fed0,
0x000002dd02641280, 0x000002dd0263bd30, 0x000002dd0263f840, 0x000002dd0263a2f0,
0x000002dd0263eb20, 0x000002dd0263ca50, 0x000002dd02641fa0, 0x000002dd0600a0e0,
0x000002dd07e4abd0, 0x000002dd07e470c0, 0x000002dd07e48b00, 0x000002dd07e4b8f0,
0x000002dd07e47de0, 0x000002dd14c8cc50, 0x000002dd14c8d320, 0x000002dd07706df0,
0x000002dd07709000, 0x000002dd07703770, 0x000002dd0061b210, 0x000002dd07709da0,
0x000002dd07707b90, 0x000002dd016ee7a0, 0x000002dd016e8bc0, 0x000002dd016eac90,
0x000002dd016e9250, 0x000002dd016e7ea0
}

Java Threads: ( => current thread )
  0x000002dc85858630 JavaThread "main"                              [_thread_blocked, id=21352, stack(0x000000f839c00000,0x000000f839d00000) (1024K)]
  0x000002dcbd835960 JavaThread "Reference Handler"          daemon [_thread_blocked, id=14576, stack(0x000000f83a400000,0x000000f83a500000) (1024K)]
  0x000002dcbd836680 JavaThread "Finalizer"                  daemon [_thread_blocked, id=14108, stack(0x000000f83a500000,0x000000f83a600000) (1024K)]
  0x000002dcbd8387b0 JavaThread "Signal Dispatcher"          daemon [_thread_blocked, id=3276, stack(0x000000f83a600000,0x000000f83a700000) (1024K)]
  0x000002dcbd83cf40 JavaThread "Attach Listener"            daemon [_thread_blocked, id=3284, stack(0x000000f83a700000,0x000000f83a800000) (1024K)]
  0x000002dcbd83d760 JavaThread "Service Thread"             daemon [_thread_blocked, id=13088, stack(0x000000f83a800000,0x000000f83a900000) (1024K)]
  0x000002dcbd83df80 JavaThread "Monitor Deflation Thread"   daemon [_thread_blocked, id=18460, stack(0x000000f83a900000,0x000000f83aa00000) (1024K)]
  0x000002dcbd83ed40 JavaThread "C2 CompilerThread0"         daemon [_thread_in_native, id=3436, stack(0x000000f83aa00000,0x000000f83ab00000) (1024K)]
  0x000002dcbd848c30 JavaThread "C1 CompilerThread0"         daemon [_thread_blocked, id=19732, stack(0x000000f83ab00000,0x000000f83ac00000) (1024K)]
  0x000002dcbda1fc10 JavaThread "Common-Cleaner"             daemon [_thread_blocked, id=4368, stack(0x000000f83ac00000,0x000000f83ad00000) (1024K)]
  0x000002dcbdb7fa30 JavaThread "Notification Thread"        daemon [_thread_blocked, id=5320, stack(0x000000f83ae00000,0x000000f83af00000) (1024K)]
  0x000002dcffa69a90 JavaThread "Daemon health stats"               [_thread_blocked, id=22272, stack(0x000000f83b100000,0x000000f83b200000) (1024K)]
  0x000002dcffa64510 JavaThread "Incoming local TCP Connector on port 52486"        [_thread_in_native, id=21064, stack(0x000000f83b200000,0x000000f83b300000) (1024K)]
  0x000002dcffd80820 JavaThread "Daemon periodic checks"            [_thread_blocked, id=12176, stack(0x000000f83c000000,0x000000f83c100000) (1024K)]
  0x000002dcffca29d0 JavaThread "Daemon"                            [_thread_blocked, id=21204, stack(0x000000f83c100000,0x000000f83c200000) (1024K)]
  0x000002dcffcf1360 JavaThread "Daemon worker"                     [_thread_blocked, id=7916, stack(0x000000f83c400000,0x000000f83c500000) (1024K)]
  0x000002dcffceffb0 JavaThread "Cache worker for journal cache (C:\Users\jimmy\.gradle\caches\journal-1)"        [_thread_blocked, id=5672, stack(0x000000f83c800000,0x000000f83c900000) (1024K)]
  0x000002dcffcf19f0 JavaThread "File lock request listener"        [_thread_in_native, id=19696, stack(0x000000f83c900000,0x000000f83ca00000) (1024K)]
  0x000002dcffcf2080 JavaThread "Cache worker for file hash cache (C:\Users\jimmy\.gradle\caches\8.10.2\fileHashes)"        [_thread_blocked, id=19940, stack(0x000000f83ca00000,0x000000f83cb00000) (1024K)]
  0x000002dd03c43fd0 JavaThread "File watcher server"        daemon [_thread_in_native, id=13448, stack(0x000000f83d100000,0x000000f83d200000) (1024K)]
  0x000002dd03c46730 JavaThread "File watcher consumer"      daemon [_thread_blocked, id=11116, stack(0x000000f83d200000,0x000000f83d300000) (1024K)]
  0x000002dd03c45380 JavaThread "jar transforms"                    [_thread_blocked, id=19452, stack(0x000000f83d300000,0x000000f83d400000) (1024K)]
  0x000002dd03c47450 JavaThread "jar transforms Thread 2"           [_thread_blocked, id=18276, stack(0x000000f83d400000,0x000000f83d500000) (1024K)]
  0x000002dd03c44cf0 JavaThread "jar transforms Thread 3"           [_thread_blocked, id=12916, stack(0x000000f83d500000,0x000000f83d600000) (1024K)]
  0x000002dd03c46dc0 JavaThread "Cache worker for file content cache (C:\Users\jimmy\.gradle\caches\8.10.2\fileContent)"        [_thread_blocked, id=12432, stack(0x000000f83d700000,0x000000f83d800000) (1024K)]
  0x000002dd02857d60 JavaThread "jar transforms Thread 4"           [_thread_blocked, id=5972, stack(0x000000f83da00000,0x000000f83db00000) (1024K)]
  0x000002dd028583f0 JavaThread "jar transforms Thread 5"           [_thread_blocked, id=7480, stack(0x000000f83db00000,0x000000f83dc00000) (1024K)]
  0x000002dd028548e0 JavaThread "jar transforms Thread 6"           [_thread_blocked, id=19196, stack(0x000000f83dd00000,0x000000f83de00000) (1024K)]
  0x000002dd02859110 JavaThread "jar transforms Thread 7"           [_thread_blocked, id=23292, stack(0x000000f83de00000,0x000000f83df00000) (1024K)]
  0x000002dd02852810 JavaThread "jar transforms Thread 8"           [_thread_blocked, id=20992, stack(0x000000f83df00000,0x000000f83e000000) (1024K)]
  0x000002dd028576d0 JavaThread "jar transforms Thread 9"           [_thread_blocked, id=332, stack(0x000000f83e000000,0x000000f83e100000) (1024K)]
  0x000002dd016eda80 JavaThread "Memory manager"                    [_thread_blocked, id=6912, stack(0x000000f841000000,0x000000f841100000) (1024K)]
  0x000002dd05f73770 JavaThread "included builds"                   [_thread_blocked, id=9512, stack(0x000000f840e00000,0x000000f840f00000) (1024K)]
  0x000002dd07959600 JavaThread "jar transforms Thread 10"          [_thread_blocked, id=20196, stack(0x000000f847800000,0x000000f847900000) (1024K)]
  0x000002dd075c1ad0 JavaThread "jar transforms Thread 11"          [_thread_blocked, id=16708, stack(0x000000f849600000,0x000000f849700000) (1024K)]
  0x000002dd0263e490 JavaThread "VFS cleanup"                       [_thread_blocked, id=8604, stack(0x000000f83c500000,0x000000f83c600000) (1024K)]
  0x000002dd075c4f50 JavaThread "included builds"                   [_thread_blocked, id=13444, stack(0x000000f840000000,0x000000f840100000) (1024K)]
  0x000002dd034d6360 JavaThread "jar transforms Thread 12"          [_thread_blocked, id=23072, stack(0x000000f844d00000,0x000000f844e00000) (1024K)]
  0x000002dd07e463a0 JavaThread "jar transforms Thread 13"          [_thread_blocked, id=8416, stack(0x000000f846c00000,0x000000f846d00000) (1024K)]
  0x000002dd0263fed0 JavaThread "File lock release action executor"        [_thread_blocked, id=9844, stack(0x000000f83b000000,0x000000f83b100000) (1024K)]
  0x000002dd02641280 JavaThread "Handler for socket connection from /127.0.0.1:52486 to /127.0.0.1:52595"        [_thread_in_native, id=23196, stack(0x000000f839900000,0x000000f839a00000) (1024K)]
  0x000002dd0263bd30 JavaThread "Cancel handler"                    [_thread_blocked, id=18484, stack(0x000000f839a00000,0x000000f839b00000) (1024K)]
  0x000002dd0263f840 JavaThread "Asynchronous log dispatcher for DefaultDaemonConnection: socket connection from /127.0.0.1:52486 to /127.0.0.1:52595"        [_thread_blocked, id=22696, stack(0x000000f839b00000,0x000000f839c00000) (1024K)]
  0x000002dd0263a2f0 JavaThread "Stdin handler"                     [_thread_blocked, id=22776, stack(0x000000f83ad00000,0x000000f83ae00000) (1024K)]
  0x000002dd0263eb20 JavaThread "Daemon client event forwarder"        [_thread_blocked, id=14944, stack(0x000000f83be00000,0x000000f83bf00000) (1024K)]
  0x000002dd0263ca50 JavaThread "jar transforms Thread 14"          [_thread_blocked, id=1988, stack(0x000000f83d600000,0x000000f83d700000) (1024K)]
  0x000002dd02641fa0 JavaThread "jar transforms Thread 15"          [_thread_blocked, id=6548, stack(0x000000f83d900000,0x000000f83da00000) (1024K)]
  0x000002dd0600a0e0 JavaThread "included builds"                   [_thread_blocked, id=22380, stack(0x000000f83d000000,0x000000f83d100000) (1024K)]
  0x000002dd07e4abd0 JavaThread "RMI Scheduler(0)"           daemon [_thread_blocked, id=17732, stack(0x000000f843000000,0x000000f843100000) (1024K)]
  0x000002dd07e470c0 JavaThread "RMI GC Daemon"              daemon [_thread_blocked, id=18500, stack(0x000000f843200000,0x000000f843300000) (1024K)]
  0x000002dd07e48b00 JavaThread "RMI TCP Accept-0"           daemon [_thread_in_native, id=1404, stack(0x000000f843300000,0x000000f843400000) (1024K)]
  0x000002dd07e4b8f0 JavaThread "RMI Reaper"                        [_thread_blocked, id=23448, stack(0x000000f843400000,0x000000f843500000) (1024K)]
  0x000002dd07e47de0 JavaThread "RMI TCP Connection(1)-127.0.0.1" daemon [_thread_in_native, id=22448, stack(0x000000f843500000,0x000000f843600000) (1024K)]
=>0x000002dd14c8cc50 JavaThread "C2 CompilerThread1"         daemon [_thread_in_native, id=3900, stack(0x000000f83cf00000,0x000000f83d000000) (1024K)]
  0x000002dd14c8d320 JavaThread "C1 CompilerThread1"         daemon [_thread_blocked, id=14636, stack(0x000000f83d800000,0x000000f83d900000) (1024K)]
  0x000002dd07706df0 JavaThread "C2 CompilerThread2"         daemon [_thread_in_native, id=14644, stack(0x000000f843100000,0x000000f843200000) (1024K)]
  0x000002dd07709000 JavaThread "C1 CompilerThread2"         daemon [_thread_blocked, id=22392, stack(0x000000f845300000,0x000000f845400000) (1024K)]
  0x000002dd07703770 JavaThread "C1 CompilerThread3"         daemon [_thread_blocked, id=5584, stack(0x000000f845400000,0x000000f845500000) (1024K)]
  0x000002dd0061b210 JavaThread "jar transforms Thread 16"          [_thread_blocked, id=13120, stack(0x000000f845500000,0x000000f845600000) (1024K)]
  0x000002dd07709da0 JavaThread "C2 CompilerThread3"         daemon [_thread_in_native, id=14248, stack(0x000000f846800000,0x000000f846900000) (1024K)]
  0x000002dd07707b90 JavaThread "C2 CompilerThread4"         daemon [_thread_in_native, id=21852, stack(0x000000f846900000,0x000000f846a00000) (1024K)]
  0x000002dd016ee7a0 JavaThread "Unconstrained build operations Thread 105"        [_thread_blocked, id=6784, stack(0x000000f846a00000,0x000000f846b00000) (1024K)]
  0x000002dd016e8bc0 JavaThread "Unconstrained build operations Thread 106"        [_thread_blocked, id=23424, stack(0x000000f846b00000,0x000000f846c00000) (1024K)]
  0x000002dd016eac90 JavaThread "Unconstrained build operations Thread 107"        [_thread_blocked, id=904, stack(0x000000f846d00000,0x000000f846e00000) (1024K)]
  0x000002dd016e9250 JavaThread "Unconstrained build operations Thread 108"        [_thread_blocked, id=21972, stack(0x000000f846e00000,0x000000f846f00000) (1024K)]
  0x000002dd016e7ea0 JavaThread "Unconstrained build operations Thread 109"        [_thread_blocked, id=9528, stack(0x000000f846f00000,0x000000f847000000) (1024K)]
Total: 66

Other Threads:
  0x000002dcbcd50c70 VMThread "VM Thread"                           [id=1212, stack(0x000000f83a300000,0x000000f83a400000) (1024K)]
  0x000002dcbcd3bc40 WatcherThread "VM Periodic Task Thread"        [id=10388, stack(0x000000f83a200000,0x000000f83a300000) (1024K)]
  0x000002dc85ae0750 WorkerThread "GC Thread#0"                     [id=11928, stack(0x000000f839d00000,0x000000f839e00000) (1024K)]
  0x000002dcff2c06c0 WorkerThread "GC Thread#1"                     [id=6384, stack(0x000000f83b300000,0x000000f83b400000) (1024K)]
  0x000002dcff466a80 WorkerThread "GC Thread#2"                     [id=19668, stack(0x000000f83b400000,0x000000f83b500000) (1024K)]
  0x000002dcff4e1150 WorkerThread "GC Thread#3"                     [id=19600, stack(0x000000f83b500000,0x000000f83b600000) (1024K)]
  0x000002dcff4e1500 WorkerThread "GC Thread#4"                     [id=14356, stack(0x000000f83b600000,0x000000f83b700000) (1024K)]
  0x000002dcff5443b0 WorkerThread "GC Thread#5"                     [id=8368, stack(0x000000f83b700000,0x000000f83b800000) (1024K)]
  0x000002dcff544760 WorkerThread "GC Thread#6"                     [id=12844, stack(0x000000f83b800000,0x000000f83b900000) (1024K)]
  0x000002dcff544b10 WorkerThread "GC Thread#7"                     [id=23064, stack(0x000000f83b900000,0x000000f83ba00000) (1024K)]
  0x000002dcff544ec0 WorkerThread "GC Thread#8"                     [id=7592, stack(0x000000f83ba00000,0x000000f83bb00000) (1024K)]
  0x000002dcff114320 WorkerThread "GC Thread#9"                     [id=1572, stack(0x000000f83bb00000,0x000000f83bc00000) (1024K)]
  0x000002dcff1146d0 WorkerThread "GC Thread#10"                    [id=23364, stack(0x000000f83bc00000,0x000000f83bd00000) (1024K)]
  0x000002dcff114a80 WorkerThread "GC Thread#11"                    [id=20800, stack(0x000000f83bd00000,0x000000f83be00000) (1024K)]
  0x000002dd026d3890 WorkerThread "GC Thread#12"                    [id=23188, stack(0x000000f83cc00000,0x000000f83cd00000) (1024K)]
  0x000002dc85af1650 ConcurrentGCThread "G1 Main Marker"            [id=18964, stack(0x000000f839e00000,0x000000f839f00000) (1024K)]
  0x000002dc85af2220 WorkerThread "G1 Conc#0"                       [id=18280, stack(0x000000f839f00000,0x000000f83a000000) (1024K)]
  0x000002dd026d3130 WorkerThread "G1 Conc#1"                       [id=19488, stack(0x000000f83cd00000,0x000000f83ce00000) (1024K)]
  0x000002dd026d59c0 WorkerThread "G1 Conc#2"                       [id=20132, stack(0x000000f83ce00000,0x000000f83cf00000) (1024K)]
  0x000002dcbcc01eb0 ConcurrentGCThread "G1 Refine#0"               [id=5564, stack(0x000000f83a000000,0x000000f83a100000) (1024K)]
  0x000002dcbcc03950 ConcurrentGCThread "G1 Service"                [id=22412, stack(0x000000f83a100000,0x000000f83a200000) (1024K)]
Total: 21

Threads with active compile tasks:
C2 CompilerThread0  77050 30887       4       com.android.build.gradle.internal.cxx.settings.NameTable::environments (604 bytes)
C2 CompilerThread1  77050 31031       4       org.gradle.api.internal.artifacts.ivyservice.resolveengine.graph.builder.DependencyGraphBuilder::resolveEdges (47 bytes)
C2 CompilerThread2  77050 31047   !   4       java.nio.file.Files::walkFileTree (297 bytes)
C2 CompilerThread3  77050 31043       4       org.gradle.internal.execution.steps.IdentifyStep$$Lambda/0x000002dcbf56aa68::apply (20 bytes)
C2 CompilerThread4  77050 31039       4       org.gradle.internal.execution.impl.DefaultInputFingerprinter::fingerprintInputProperties (41 bytes)
Total: 5

VM state: not at safepoint (normal execution)

VM Mutex/Monitor currently owned by a thread: None

OutOfMemory and StackOverflow Exception counts:
OutOfMemoryError java_heap_errors=1
LinkageErrors=370

Heap address: 0x0000000600000000, size: 8192 MB, Compressed Oops mode: Zero based, Oop shift amount: 3

CDS archive(s) mapped at: [0x000002dcbe000000-0x000002dcbec60000-0x000002dcbec60000), size 12976128, SharedBaseAddress: 0x000002dcbe000000, ArchiveRelocationMode: 1.
Compressed class space mapped at: 0x000002dcbf000000-0x000002dcff000000, reserved size: 1073741824
Narrow klass base: 0x000002dcbe000000, Narrow klass shift: 0, Narrow klass range: 0x41000000

GC Precious Log:
 CardTable entry size: 512
 Card Set container configuration: InlinePtr #cards 4 size 8 Array Of Cards #cards 32 size 80 Howl #buckets 8 coarsen threshold 7372 Howl Bitmap #cards 1024 size 144 coarsen threshold 921 Card regions per heap region 1 cards per card region 8192
 CPUs: 16 total, 16 available
 Memory: 31975M
 Large Page Support: Disabled
 NUMA Support: Disabled
 Compressed Oops: Enabled (Zero based)
 Heap Region Size: 4M
 Heap Min Capacity: 8M
 Heap Initial Capacity: 500M
 Heap Max Capacity: 8G
 Pre-touch: Disabled
 Parallel Workers: 13
 Concurrent Workers: 3
 Concurrent Refinement Workers: 13
 Periodic GC: Disabled

Heap:
 garbage-first heap   total reserved 8388608K, committed 651264K, used 535621K [0x0000000600000000, 0x0000000800000000)
  region size 4096K, 64 young (262144K), 5 survivors (20480K)
 Metaspace       used 183701K, committed 186816K, reserved 1245184K
  class space    used 24415K, committed 25856K, reserved 1048576K

Heap Regions: E=young(eden), S=young(survivor), O=old, HS=humongous(starts), HC=humongous(continues), CS=collection set, F=free, TAMS=top-at-mark-start, PB=parsable bottom
|   0|0x0000000600000000, 0x0000000600400000, 0x0000000600400000|100%| O|  |TAMS 0x0000000600000000| PB 0x0000000600000000| Untracked |  0
|   1|0x0000000600400000, 0x0000000600800000, 0x0000000600800000|100%|HS|  |TAMS 0x0000000600400000| PB 0x0000000600400000| Complete |  0
|   2|0x0000000600800000, 0x0000000600c00000, 0x0000000600c00000|100%| O|  |TAMS 0x0000000600800000| PB 0x0000000600800000| Untracked |  0
|   3|0x0000000600c00000, 0x0000000601000000, 0x0000000601000000|100%| O|  |TAMS 0x0000000600c00000| PB 0x0000000600c00000| Untracked |  0
|   4|0x0000000601000000, 0x0000000601400000, 0x0000000601400000|100%| O|  |TAMS 0x0000000601000000| PB 0x0000000601000000| Untracked |  0
|   5|0x0000000601400000, 0x0000000601800000, 0x0000000601800000|100%| O|  |TAMS 0x0000000601400000| PB 0x0000000601400000| Untracked |  0
|   6|0x0000000601800000, 0x0000000601c00000, 0x0000000601c00000|100%| O|  |TAMS 0x0000000601800000| PB 0x0000000601800000| Untracked |  0
|   7|0x0000000601c00000, 0x0000000602000000, 0x0000000602000000|100%| O|  |TAMS 0x0000000601c00000| PB 0x0000000601c00000| Untracked |  0
|   8|0x0000000602000000, 0x0000000602400000, 0x0000000602400000|100%| O|  |TAMS 0x0000000602000000| PB 0x0000000602000000| Untracked |  0
|   9|0x0000000602400000, 0x0000000602800000, 0x0000000602800000|100%| O|  |TAMS 0x0000000602400000| PB 0x0000000602400000| Untracked |  0
|  10|0x0000000602800000, 0x0000000602c00000, 0x0000000602c00000|100%|HS|  |TAMS 0x0000000602800000| PB 0x0000000602800000| Complete |  0
|  11|0x0000000602c00000, 0x0000000603000000, 0x0000000603000000|100%|HS|  |TAMS 0x0000000602c00000| PB 0x0000000602c00000| Complete |  0
|  12|0x0000000603000000, 0x0000000603400000, 0x0000000603400000|100%| O|  |TAMS 0x0000000603000000| PB 0x0000000603000000| Untracked |  0
|  13|0x0000000603400000, 0x0000000603800000, 0x0000000603800000|100%|HS|  |TAMS 0x0000000603400000| PB 0x0000000603400000| Complete |  0
|  14|0x0000000603800000, 0x0000000603c00000, 0x0000000603c00000|100%| O|  |TAMS 0x0000000603800000| PB 0x0000000603800000| Untracked |  0
|  15|0x0000000603c00000, 0x0000000603c00000, 0x0000000604000000|  0%| F|  |TAMS 0x0000000603c00000| PB 0x0000000603c00000| Untracked |  0
|  16|0x0000000604000000, 0x0000000604400000, 0x0000000604400000|100%| O|  |TAMS 0x0000000604000000| PB 0x0000000604000000| Untracked |  0
|  17|0x0000000604400000, 0x0000000604800000, 0x0000000604800000|100%| O|  |TAMS 0x0000000604400000| PB 0x0000000604400000| Untracked |  0
|  18|0x0000000604800000, 0x0000000604c00000, 0x0000000604c00000|100%|HS|  |TAMS 0x0000000604800000| PB 0x0000000604800000| Complete |  0
|  19|0x0000000604c00000, 0x0000000605000000, 0x0000000605000000|100%| O|  |TAMS 0x0000000604c00000| PB 0x0000000604c00000| Untracked |  0
|  20|0x0000000605000000, 0x0000000605400000, 0x0000000605400000|100%| O|  |TAMS 0x0000000605000000| PB 0x0000000605000000| Untracked |  0
|  21|0x0000000605400000, 0x0000000605800000, 0x0000000605800000|100%| O|  |TAMS 0x0000000605400000| PB 0x0000000605400000| Untracked |  0
|  22|0x0000000605800000, 0x0000000605c00000, 0x0000000605c00000|100%| O|  |TAMS 0x0000000605800000| PB 0x0000000605800000| Untracked |  0
|  23|0x0000000605c00000, 0x0000000606000000, 0x0000000606000000|100%| O|  |TAMS 0x0000000605c00000| PB 0x0000000605c00000| Untracked |  0
|  24|0x0000000606000000, 0x0000000606400000, 0x0000000606400000|100%| O|  |TAMS 0x0000000606000000| PB 0x0000000606000000| Untracked |  0
|  25|0x0000000606400000, 0x0000000606800000, 0x0000000606800000|100%| O|  |TAMS 0x0000000606400000| PB 0x0000000606400000| Untracked |  0
|  26|0x0000000606800000, 0x0000000606800000, 0x0000000606c00000|  0%| F|  |TAMS 0x0000000606800000| PB 0x0000000606800000| Untracked |  0
|  27|0x0000000606c00000, 0x0000000607000000, 0x0000000607000000|100%| O|  |TAMS 0x0000000606c00000| PB 0x0000000606c00000| Untracked |  0
|  28|0x0000000607000000, 0x0000000607400000, 0x0000000607400000|100%| O|  |TAMS 0x0000000607000000| PB 0x0000000607000000| Untracked |  0
|  29|0x0000000607400000, 0x0000000607800000, 0x0000000607800000|100%| O|  |TAMS 0x0000000607400000| PB 0x0000000607400000| Untracked |  0
|  30|0x0000000607800000, 0x0000000607c00000, 0x0000000607c00000|100%| O|  |TAMS 0x0000000607800000| PB 0x0000000607800000| Untracked |  0
|  31|0x0000000607c00000, 0x0000000608000000, 0x0000000608000000|100%| O|  |TAMS 0x0000000607c00000| PB 0x0000000607c00000| Untracked |  0
|  32|0x0000000608000000, 0x0000000608400000, 0x0000000608400000|100%| O|  |TAMS 0x0000000608000000| PB 0x0000000608000000| Untracked |  0
|  33|0x0000000608400000, 0x0000000608800000, 0x0000000608800000|100%| O|  |TAMS 0x0000000608400000| PB 0x0000000608400000| Untracked |  0
|  34|0x0000000608800000, 0x0000000608c00000, 0x0000000608c00000|100%| O|  |TAMS 0x0000000608800000| PB 0x0000000608800000| Untracked |  0
|  35|0x0000000608c00000, 0x0000000609000000, 0x0000000609000000|100%| O|  |TAMS 0x0000000608c00000| PB 0x0000000608c00000| Untracked |  0
|  36|0x0000000609000000, 0x0000000609400000, 0x0000000609400000|100%| O|  |TAMS 0x0000000609000000| PB 0x0000000609000000| Untracked |  0
|  37|0x0000000609400000, 0x0000000609800000, 0x0000000609800000|100%| O|  |TAMS 0x0000000609400000| PB 0x0000000609400000| Untracked |  0
|  38|0x0000000609800000, 0x0000000609c00000, 0x0000000609c00000|100%| O|  |TAMS 0x0000000609800000| PB 0x0000000609800000| Untracked |  0
|  39|0x0000000609c00000, 0x000000060a000000, 0x000000060a000000|100%| O|  |TAMS 0x0000000609c00000| PB 0x0000000609c00000| Untracked |  0
|  40|0x000000060a000000, 0x000000060a400000, 0x000000060a400000|100%| O|  |TAMS 0x000000060a000000| PB 0x000000060a000000| Untracked |  0
|  41|0x000000060a400000, 0x000000060a800000, 0x000000060a800000|100%| O|  |TAMS 0x000000060a400000| PB 0x000000060a400000| Untracked |  0
|  42|0x000000060a800000, 0x000000060a800000, 0x000000060ac00000|  0%| F|  |TAMS 0x000000060a800000| PB 0x000000060a800000| Untracked |  0
|  43|0x000000060ac00000, 0x000000060b000000, 0x000000060b000000|100%| O|  |TAMS 0x000000060ac00000| PB 0x000000060ac00000| Untracked |  0
|  44|0x000000060b000000, 0x000000060b400000, 0x000000060b400000|100%| O|  |TAMS 0x000000060b000000| PB 0x000000060b000000| Untracked |  0
|  45|0x000000060b400000, 0x000000060b800000, 0x000000060b800000|100%| O|  |TAMS 0x000000060b400000| PB 0x000000060b400000| Untracked |  0
|  46|0x000000060b800000, 0x000000060bc00000, 0x000000060bc00000|100%| O|  |TAMS 0x000000060b800000| PB 0x000000060b800000| Untracked |  0
|  47|0x000000060bc00000, 0x000000060c000000, 0x000000060c000000|100%| O|  |TAMS 0x000000060bc00000| PB 0x000000060bc00000| Untracked |  0
|  48|0x000000060c000000, 0x000000060c400000, 0x000000060c400000|100%| O|  |TAMS 0x000000060c000000| PB 0x000000060c000000| Untracked |  0
|  49|0x000000060c400000, 0x000000060c400000, 0x000000060c800000|  0%| F|  |TAMS 0x000000060c400000| PB 0x000000060c400000| Untracked |  0
|  50|0x000000060c800000, 0x000000060cc00000, 0x000000060cc00000|100%|HS|  |TAMS 0x000000060c800000| PB 0x000000060c800000| Complete |  0
|  51|0x000000060cc00000, 0x000000060d000000, 0x000000060d000000|100%|HC|  |TAMS 0x000000060cc00000| PB 0x000000060cc00000| Complete |  0
|  52|0x000000060d000000, 0x000000060d400000, 0x000000060d400000|100%| O|  |TAMS 0x000000060d000000| PB 0x000000060d000000| Untracked |  0
|  53|0x000000060d400000, 0x000000060d800000, 0x000000060d800000|100%| O|  |TAMS 0x000000060d400000| PB 0x000000060d400000| Untracked |  0
|  54|0x000000060d800000, 0x000000060d800000, 0x000000060dc00000|  0%| F|  |TAMS 0x000000060d800000| PB 0x000000060d800000| Untracked |  0
|  55|0x000000060dc00000, 0x000000060e000000, 0x000000060e000000|100%| O|  |TAMS 0x000000060dc00000| PB 0x000000060dc00000| Untracked |  0
|  56|0x000000060e000000, 0x000000060e400000, 0x000000060e400000|100%| O|  |TAMS 0x000000060e000000| PB 0x000000060e000000| Untracked |  0
|  57|0x000000060e400000, 0x000000060e78ef50, 0x000000060e800000| 88%| O|  |TAMS 0x000000060e400000| PB 0x000000060e400000| Untracked |  0
|  58|0x000000060e800000, 0x000000060ec00000, 0x000000060ec00000|100%| O|  |TAMS 0x000000060e800000| PB 0x000000060e800000| Untracked |  0
|  59|0x000000060ec00000, 0x000000060ef824b8, 0x000000060f000000| 87%| S|CS|TAMS 0x000000060ec00000| PB 0x000000060ec00000| Complete |  0
|  60|0x000000060f000000, 0x000000060f400000, 0x000000060f400000|100%| O|  |TAMS 0x000000060f000000| PB 0x000000060f000000| Untracked |  0
|  61|0x000000060f400000, 0x000000060f800000, 0x000000060f800000|100%| O|  |TAMS 0x000000060f400000| PB 0x000000060f400000| Untracked |  0
|  62|0x000000060f800000, 0x000000060fc00000, 0x000000060fc00000|100%| O|  |TAMS 0x000000060f800000| PB 0x000000060f800000| Untracked |  0
|  63|0x000000060fc00000, 0x0000000610000000, 0x0000000610000000|100%| O|  |TAMS 0x000000060fc00000| PB 0x000000060fc00000| Untracked |  0
|  64|0x0000000610000000, 0x0000000610000000, 0x0000000610400000|  0%| F|  |TAMS 0x0000000610000000| PB 0x0000000610000000| Untracked |  0
|  65|0x0000000610400000, 0x0000000610400000, 0x0000000610800000|  0%| F|  |TAMS 0x0000000610400000| PB 0x0000000610400000| Untracked |  0
|  66|0x0000000610800000, 0x0000000610c00000, 0x0000000610c00000|100%| S|CS|TAMS 0x0000000610800000| PB 0x0000000610800000| Complete |  0
|  67|0x0000000610c00000, 0x0000000611000000, 0x0000000611000000|100%| O|  |TAMS 0x0000000610c00000| PB 0x0000000610c00000| Untracked |  0
|  68|0x0000000611000000, 0x0000000611400000, 0x0000000611400000|100%| O|  |TAMS 0x0000000611000000| PB 0x0000000611000000| Untracked |  0
|  69|0x0000000611400000, 0x0000000611400000, 0x0000000611800000|  0%| F|  |TAMS 0x0000000611400000| PB 0x0000000611400000| Untracked |  0
|  70|0x0000000611800000, 0x0000000611800000, 0x0000000611c00000|  0%| F|  |TAMS 0x0000000611800000| PB 0x0000000611800000| Untracked |  0
|  71|0x0000000611c00000, 0x0000000612000000, 0x0000000612000000|100%| S|CS|TAMS 0x0000000611c00000| PB 0x0000000611c00000| Complete |  0
|  72|0x0000000612000000, 0x0000000612000000, 0x0000000612400000|  0%| F|  |TAMS 0x0000000612000000| PB 0x0000000612000000| Untracked |  0
|  73|0x0000000612400000, 0x0000000612800000, 0x0000000612800000|100%| S|CS|TAMS 0x0000000612400000| PB 0x0000000612400000| Complete |  0
|  74|0x0000000612800000, 0x0000000612c00000, 0x0000000612c00000|100%| S|CS|TAMS 0x0000000612800000| PB 0x0000000612800000| Complete |  0
|  75|0x0000000612c00000, 0x0000000612c00000, 0x0000000613000000|  0%| F|  |TAMS 0x0000000612c00000| PB 0x0000000612c00000| Untracked |  0
|  76|0x0000000613000000, 0x0000000613000000, 0x0000000613400000|  0%| F|  |TAMS 0x0000000613000000| PB 0x0000000613000000| Untracked |  0
|  77|0x0000000613400000, 0x0000000613400000, 0x0000000613800000|  0%| F|  |TAMS 0x0000000613400000| PB 0x0000000613400000| Untracked |  0
|  78|0x0000000613800000, 0x0000000613800000, 0x0000000613c00000|  0%| F|  |TAMS 0x0000000613800000| PB 0x0000000613800000| Untracked |  0
|  79|0x0000000613c00000, 0x0000000613c00000, 0x0000000614000000|  0%| F|  |TAMS 0x0000000613c00000| PB 0x0000000613c00000| Untracked |  0
|  80|0x0000000614000000, 0x0000000614000000, 0x0000000614400000|  0%| F|  |TAMS 0x0000000614000000| PB 0x0000000614000000| Untracked |  0
|  81|0x0000000614400000, 0x0000000614400000, 0x0000000614800000|  0%| F|  |TAMS 0x0000000614400000| PB 0x0000000614400000| Untracked |  0
|  82|0x0000000614800000, 0x0000000614800000, 0x0000000614c00000|  0%| F|  |TAMS 0x0000000614800000| PB 0x0000000614800000| Untracked |  0
|  83|0x0000000614c00000, 0x0000000614c00000, 0x0000000615000000|  0%| F|  |TAMS 0x0000000614c00000| PB 0x0000000614c00000| Untracked |  0
|  84|0x0000000615000000, 0x0000000615000000, 0x0000000615400000|  0%| F|  |TAMS 0x0000000615000000| PB 0x0000000615000000| Untracked |  0
|  85|0x0000000615400000, 0x0000000615400000, 0x0000000615800000|  0%| F|  |TAMS 0x0000000615400000| PB 0x0000000615400000| Untracked |  0
|  86|0x0000000615800000, 0x0000000615800000, 0x0000000615c00000|  0%| F|  |TAMS 0x0000000615800000| PB 0x0000000615800000| Untracked |  0
|  87|0x0000000615c00000, 0x0000000615c00000, 0x0000000616000000|  0%| F|  |TAMS 0x0000000615c00000| PB 0x0000000615c00000| Untracked |  0
|  88|0x0000000616000000, 0x0000000616000000, 0x0000000616400000|  0%| F|  |TAMS 0x0000000616000000| PB 0x0000000616000000| Untracked |  0
|  89|0x0000000616400000, 0x0000000616400000, 0x0000000616800000|  0%| F|  |TAMS 0x0000000616400000| PB 0x0000000616400000| Untracked |  0
|  90|0x0000000616800000, 0x0000000616800000, 0x0000000616c00000|  0%| F|  |TAMS 0x0000000616800000| PB 0x0000000616800000| Untracked |  0
|  91|0x0000000616c00000, 0x0000000616c00000, 0x0000000617000000|  0%| F|  |TAMS 0x0000000616c00000| PB 0x0000000616c00000| Untracked |  0
|  92|0x0000000617000000, 0x0000000617126b20, 0x0000000617400000| 28%| E|  |TAMS 0x0000000617000000| PB 0x0000000617000000| Complete |  0
|  93|0x0000000617400000, 0x0000000617800000, 0x0000000617800000|100%| E|CS|TAMS 0x0000000617400000| PB 0x0000000617400000| Complete |  0
|  94|0x0000000617800000, 0x0000000617c00000, 0x0000000617c00000|100%| E|CS|TAMS 0x0000000617800000| PB 0x0000000617800000| Complete |  0
|  95|0x0000000617c00000, 0x0000000618000000, 0x0000000618000000|100%| E|CS|TAMS 0x0000000617c00000| PB 0x0000000617c00000| Complete |  0
|  96|0x0000000618000000, 0x0000000618400000, 0x0000000618400000|100%| E|CS|TAMS 0x0000000618000000| PB 0x0000000618000000| Complete |  0
|  97|0x0000000618400000, 0x0000000618800000, 0x0000000618800000|100%| E|CS|TAMS 0x0000000618400000| PB 0x0000000618400000| Complete |  0
|  98|0x0000000618800000, 0x0000000618c00000, 0x0000000618c00000|100%| E|CS|TAMS 0x0000000618800000| PB 0x0000000618800000| Complete |  0
|  99|0x0000000618c00000, 0x0000000619000000, 0x0000000619000000|100%| E|CS|TAMS 0x0000000618c00000| PB 0x0000000618c00000| Complete |  0
| 100|0x0000000619000000, 0x0000000619400000, 0x0000000619400000|100%| E|CS|TAMS 0x0000000619000000| PB 0x0000000619000000| Complete |  0
| 101|0x0000000619400000, 0x0000000619800000, 0x0000000619800000|100%| E|CS|TAMS 0x0000000619400000| PB 0x0000000619400000| Complete |  0
| 102|0x0000000619800000, 0x0000000619c00000, 0x0000000619c00000|100%| E|CS|TAMS 0x0000000619800000| PB 0x0000000619800000| Complete |  0
| 103|0x0000000619c00000, 0x000000061a000000, 0x000000061a000000|100%| E|CS|TAMS 0x0000000619c00000| PB 0x0000000619c00000| Complete |  0
| 104|0x000000061a000000, 0x000000061a400000, 0x000000061a400000|100%| E|CS|TAMS 0x000000061a000000| PB 0x000000061a000000| Complete |  0
| 105|0x000000061a400000, 0x000000061a800000, 0x000000061a800000|100%| E|CS|TAMS 0x000000061a400000| PB 0x000000061a400000| Complete |  0
| 106|0x000000061a800000, 0x000000061ac00000, 0x000000061ac00000|100%| E|CS|TAMS 0x000000061a800000| PB 0x000000061a800000| Complete |  0
| 107|0x000000061ac00000, 0x000000061b000000, 0x000000061b000000|100%| E|CS|TAMS 0x000000061ac00000| PB 0x000000061ac00000| Complete |  0
| 108|0x000000061b000000, 0x000000061b400000, 0x000000061b400000|100%| E|CS|TAMS 0x000000061b000000| PB 0x000000061b000000| Complete |  0
| 109|0x000000061b400000, 0x000000061b800000, 0x000000061b800000|100%| E|CS|TAMS 0x000000061b400000| PB 0x000000061b400000| Complete |  0
| 110|0x000000061b800000, 0x000000061bc00000, 0x000000061bc00000|100%| E|CS|TAMS 0x000000061b800000| PB 0x000000061b800000| Complete |  0
| 111|0x000000061bc00000, 0x000000061c000000, 0x000000061c000000|100%| E|CS|TAMS 0x000000061bc00000| PB 0x000000061bc00000| Complete |  0
| 112|0x000000061c000000, 0x000000061c400000, 0x000000061c400000|100%| E|CS|TAMS 0x000000061c000000| PB 0x000000061c000000| Complete |  0
| 113|0x000000061c400000, 0x000000061c800000, 0x000000061c800000|100%| E|CS|TAMS 0x000000061c400000| PB 0x000000061c400000| Complete |  0
| 114|0x000000061c800000, 0x000000061cc00000, 0x000000061cc00000|100%| E|CS|TAMS 0x000000061c800000| PB 0x000000061c800000| Complete |  0
| 115|0x000000061cc00000, 0x000000061d000000, 0x000000061d000000|100%| E|CS|TAMS 0x000000061cc00000| PB 0x000000061cc00000| Complete |  0
| 116|0x000000061d000000, 0x000000061d400000, 0x000000061d400000|100%| E|CS|TAMS 0x000000061d000000| PB 0x000000061d000000| Complete |  0
| 117|0x000000061d400000, 0x000000061d800000, 0x000000061d800000|100%| E|CS|TAMS 0x000000061d400000| PB 0x000000061d400000| Complete |  0
| 118|0x000000061d800000, 0x000000061dc00000, 0x000000061dc00000|100%| E|CS|TAMS 0x000000061d800000| PB 0x000000061d800000| Complete |  0
| 119|0x000000061dc00000, 0x000000061e000000, 0x000000061e000000|100%| E|CS|TAMS 0x000000061dc00000| PB 0x000000061dc00000| Complete |  0
| 120|0x000000061e000000, 0x000000061e400000, 0x000000061e400000|100%| E|CS|TAMS 0x000000061e000000| PB 0x000000061e000000| Complete |  0
| 121|0x000000061e400000, 0x000000061e800000, 0x000000061e800000|100%| E|CS|TAMS 0x000000061e400000| PB 0x000000061e400000| Complete |  0
| 122|0x000000061e800000, 0x000000061ec00000, 0x000000061ec00000|100%| E|CS|TAMS 0x000000061e800000| PB 0x000000061e800000| Complete |  0
| 123|0x000000061ec00000, 0x000000061f000000, 0x000000061f000000|100%| E|CS|TAMS 0x000000061ec00000| PB 0x000000061ec00000| Complete |  0
| 124|0x000000061f000000, 0x000000061f400000, 0x000000061f400000|100%| E|CS|TAMS 0x000000061f000000| PB 0x000000061f000000| Complete |  0
| 125|0x000000061f400000, 0x000000061f800000, 0x000000061f800000|100%| E|CS|TAMS 0x000000061f400000| PB 0x000000061f400000| Complete |  0
| 126|0x000000061f800000, 0x000000061fc00000, 0x000000061fc00000|100%| E|CS|TAMS 0x000000061f800000| PB 0x000000061f800000| Complete |  0
| 127|0x000000061fc00000, 0x0000000620000000, 0x0000000620000000|100%| E|CS|TAMS 0x000000061fc00000| PB 0x000000061fc00000| Complete |  0
| 128|0x0000000620000000, 0x0000000620400000, 0x0000000620400000|100%| E|CS|TAMS 0x0000000620000000| PB 0x0000000620000000| Complete |  0
| 129|0x0000000620400000, 0x0000000620800000, 0x0000000620800000|100%| E|CS|TAMS 0x0000000620400000| PB 0x0000000620400000| Complete |  0
| 130|0x0000000620800000, 0x0000000620c00000, 0x0000000620c00000|100%| E|CS|TAMS 0x0000000620800000| PB 0x0000000620800000| Complete |  0
| 131|0x0000000620c00000, 0x0000000621000000, 0x0000000621000000|100%| E|CS|TAMS 0x0000000620c00000| PB 0x0000000620c00000| Complete |  0
| 132|0x0000000621000000, 0x0000000621400000, 0x0000000621400000|100%| E|CS|TAMS 0x0000000621000000| PB 0x0000000621000000| Complete |  0
| 133|0x0000000621400000, 0x0000000621800000, 0x0000000621800000|100%| E|CS|TAMS 0x0000000621400000| PB 0x0000000621400000| Complete |  0
| 134|0x0000000621800000, 0x0000000621c00000, 0x0000000621c00000|100%| E|CS|TAMS 0x0000000621800000| PB 0x0000000621800000| Complete |  0
| 135|0x0000000621c00000, 0x0000000622000000, 0x0000000622000000|100%| E|CS|TAMS 0x0000000621c00000| PB 0x0000000621c00000| Complete |  0
| 136|0x0000000622000000, 0x0000000622400000, 0x0000000622400000|100%| E|CS|TAMS 0x0000000622000000| PB 0x0000000622000000| Complete |  0
| 137|0x0000000622400000, 0x0000000622800000, 0x0000000622800000|100%| E|CS|TAMS 0x0000000622400000| PB 0x0000000622400000| Complete |  0
| 138|0x0000000622800000, 0x0000000622c00000, 0x0000000622c00000|100%| E|CS|TAMS 0x0000000622800000| PB 0x0000000622800000| Complete |  0
| 139|0x0000000622c00000, 0x0000000623000000, 0x0000000623000000|100%| E|CS|TAMS 0x0000000622c00000| PB 0x0000000622c00000| Complete |  0
| 140|0x0000000623000000, 0x0000000623400000, 0x0000000623400000|100%| E|CS|TAMS 0x0000000623000000| PB 0x0000000623000000| Complete |  0
| 141|0x0000000623400000, 0x0000000623800000, 0x0000000623800000|100%| E|CS|TAMS 0x0000000623400000| PB 0x0000000623400000| Complete |  0
| 142|0x0000000623800000, 0x0000000623c00000, 0x0000000623c00000|100%| E|CS|TAMS 0x0000000623800000| PB 0x0000000623800000| Complete |  0
| 143|0x0000000623c00000, 0x0000000624000000, 0x0000000624000000|100%| E|CS|TAMS 0x0000000623c00000| PB 0x0000000623c00000| Complete |  0
| 144|0x0000000624000000, 0x0000000624400000, 0x0000000624400000|100%| E|CS|TAMS 0x0000000624000000| PB 0x0000000624000000| Complete |  0
| 145|0x0000000624400000, 0x0000000624800000, 0x0000000624800000|100%| E|CS|TAMS 0x0000000624400000| PB 0x0000000624400000| Complete |  0
|2035|0x00000007fcc00000, 0x00000007fd000000, 0x00000007fd000000|100%| O|  |TAMS 0x00000007fcc00000| PB 0x00000007fcc00000| Untracked |  0
|2036|0x00000007fd000000, 0x00000007fd400000, 0x00000007fd400000|100%| O|  |TAMS 0x00000007fd000000| PB 0x00000007fd000000| Untracked |  0
|2037|0x00000007fd400000, 0x00000007fd800000, 0x00000007fd800000|100%| O|  |TAMS 0x00000007fd400000| PB 0x00000007fd400000| Untracked |  0
|2038|0x00000007fd800000, 0x00000007fdc00000, 0x00000007fdc00000|100%| O|  |TAMS 0x00000007fd800000| PB 0x00000007fd800000| Untracked |  0
|2039|0x00000007fdc00000, 0x00000007fe000000, 0x00000007fe000000|100%| E|CS|TAMS 0x00000007fdc00000| PB 0x00000007fdc00000| Complete |  0
|2040|0x00000007fe000000, 0x00000007fe400000, 0x00000007fe400000|100%| O|  |TAMS 0x00000007fe000000| PB 0x00000007fe000000| Untracked |  0
|2041|0x00000007fe400000, 0x00000007fe800000, 0x00000007fe800000|100%| E|CS|TAMS 0x00000007fe400000| PB 0x00000007fe400000| Complete |  0
|2042|0x00000007fe800000, 0x00000007fec00000, 0x00000007fec00000|100%| E|CS|TAMS 0x00000007fe800000| PB 0x00000007fe800000| Complete |  0
|2043|0x00000007fec00000, 0x00000007ff000000, 0x00000007ff000000|100%| E|CS|TAMS 0x00000007fec00000| PB 0x00000007fec00000| Complete |  0
|2044|0x00000007ff000000, 0x00000007ff400000, 0x00000007ff400000|100%| O|  |TAMS 0x00000007ff000000| PB 0x00000007ff000000| Untracked |  0
|2045|0x00000007ff400000, 0x00000007ff800000, 0x00000007ff800000|100%| O|  |TAMS 0x00000007ff400000| PB 0x00000007ff400000| Untracked |  0
|2046|0x00000007ff800000, 0x00000007ffc00000, 0x00000007ffc00000|100%| O|  |TAMS 0x00000007ff800000| PB 0x00000007ff800000| Untracked |  0
|2047|0x00000007ffc00000, 0x0000000800000000, 0x0000000800000000|100%| E|CS|TAMS 0x00000007ffc00000| PB 0x00000007ffc00000| Complete |  0

Card table byte_map: [0x000002dcb1760000,0x000002dcb2760000] _byte_map_base: 0x000002dcae760000

Marking Bits: (CMBitMap*) 0x000002dc85ae0d70
 Bits: [0x000002dcb2760000, 0x000002dcba760000)

Polling page: 0x000002dc857f0000

Metaspace:

Usage:
  Non-class:    155.55 MB used.
      Class:     23.84 MB used.
       Both:    179.40 MB used.

Virtual space:
  Non-class space:      192.00 MB reserved,     157.19 MB ( 82%) committed,  3 nodes.
      Class space:        1.00 GB reserved,      25.25 MB (  2%) committed,  1 nodes.
             Both:        1.19 GB reserved,     182.44 MB ( 15%) committed. 

Chunk freelists:
   Non-Class:  2.40 MB
       Class:  6.70 MB
        Both:  9.10 MB

MaxMetaspaceSize: 4.00 GB
CompressedClassSpaceSize: 1.00 GB
Initial GC threshold: 21.00 MB
Current GC threshold: 294.62 MB
CDS: on
 - commit_granule_bytes: 65536.
 - commit_granule_words: 8192.
 - virtual_space_node_default_size: 8388608.
 - enlarge_chunks_in_place: 1.
 - use_allocation_guard: 0.


Internal statistics:

num_allocs_failed_limit: 15.
num_arena_births: 5344.
num_arena_deaths: 6.
num_vsnodes_births: 4.
num_vsnodes_deaths: 0.
num_space_committed: 2917.
num_space_uncommitted: 0.
num_chunks_returned_to_freelist: 31.
num_chunks_taken_from_freelist: 12997.
num_chunk_merges: 8.
num_chunk_splits: 9134.
num_chunks_enlarged: 6449.
num_inconsistent_stats: 0.

CodeHeap 'non-profiled nmethods': size=258432Kb used=18534Kb max_used=18534Kb free=239897Kb
 bounds [0x000002dc9f930000, 0x000002dca0b50000, 0x000002dcaf590000]
CodeHeap 'profiled nmethods': size=258368Kb used=60706Kb max_used=60706Kb free=197661Kb
 bounds [0x000002dc8f590000, 0x000002dc930e0000, 0x000002dc9f1e0000]
CodeHeap 'non-nmethods': size=7488Kb used=4989Kb max_used=5031Kb free=2498Kb
 bounds [0x000002dc9f1e0000, 0x000002dc9f6e0000, 0x000002dc9f930000]
 total_blobs=27815 nmethods=26526 adapters=1185
 compilation: enabled
              stopped_count=0, restarted_count=0
 full_count=0

Compilation events (20 events):
Event: 76.934 Thread 0x000002dd14c8d320 nmethod 31139 0x000002dc930c8810 code [0x000002dc930c89a0, 0x000002dc930c8b70]
Event: 76.934 Thread 0x000002dd14c8d320 31141       3       com.android.build.gradle.internal.scope.ArtifactPublishingUtil$publishArtifactToConfiguration$1$1$1::execute (11 bytes)
Event: 76.934 Thread 0x000002dd07709000 nmethod 31140 0x000002dc930c8c10 code [0x000002dc930c8dc0, 0x000002dc930c90f0]
Event: 76.934 Thread 0x000002dd07709000 31142       3       org.gradle.api.internal.artifacts.configurations.DefaultVariant::getAttributes (5 bytes)
Event: 76.934 Thread 0x000002dd14c8d320 nmethod 31141 0x000002dc930c9210 code [0x000002dc930c93c0, 0x000002dc930c95a8]
Event: 76.934 Thread 0x000002dd14c8d320 31143       3       org.gradle.api.internal.DynamicPropertyNamer::<init> (5 bytes)
Event: 76.934 Thread 0x000002dd07703770 nmethod 31135 0x000002dc930c9690 code [0x000002dc930c9ae0, 0x000002dc930cbab8]
Event: 76.934 Thread 0x000002dd07709000 nmethod 31142 0x000002dc930cc610 code [0x000002dc930cc7c0, 0x000002dc930cc988]
Event: 76.934 Thread 0x000002dd14c8d320 nmethod 31143 0x000002dc930cca10 code [0x000002dc930ccba0, 0x000002dc930ccd08]
Event: 76.935 Thread 0x000002dcbd848c30 nmethod 31138 0x000002dc930cce10 code [0x000002dc930cd0e0, 0x000002dc930ce1c8]
Event: 76.935 Thread 0x000002dd07709000 31145       3       kotlin.comparisons.ComparisonsKt__ComparisonsKt::compareValues (27 bytes)
Event: 76.935 Thread 0x000002dd07709000 nmethod 31145 0x000002dc930ce810 code [0x000002dc930ce9e0, 0x000002dc930ceca8]
Event: 76.936 Thread 0x000002dd07709000 31146       3       jdk.internal.misc.Unsafe::convEndian (16 bytes)
Event: 76.936 Thread 0x000002dd14c8d320 31147       3       java.lang.Character::reverseBytes (15 bytes)
Event: 76.936 Thread 0x000002dd14c8d320 nmethod 31147 0x000002dc930ced90 code [0x000002dc930cef20, 0x000002dc930cf028]
Event: 76.936 Thread 0x000002dd07709000 nmethod 31146 0x000002dc930cf090 code [0x000002dc930cf220, 0x000002dc930cf3d0]
Event: 76.937 Thread 0x000002dd14c8d320 31149       1       org.gradle.model.internal.registry.ModelNodeInternal::getPath (5 bytes)
Event: 76.937 Thread 0x000002dd14c8d320 nmethod 31149 0x000002dca0b3f790 code [0x000002dca0b3f920, 0x000002dca0b3f9f0]
Event: 76.938 Thread 0x000002dd07709da0 nmethod 31049 0x000002dca0b3fa90 code [0x000002dca0b3fe20, 0x000002dca0b41790]
Event: 76.939 Thread 0x000002dd07709da0 31148       4       java.io.ObjectOutputStream::writeLong (9 bytes)

GC Heap History (20 events):
Event: 27.674 GC heap before
{Heap before GC invocations=47 (full 0):
 garbage-first heap   total reserved 8388608K, committed 409600K, used 278528K [0x0000000600000000, 0x0000000800000000)
  region size 4096K, 16 young (65536K), 5 survivors (20480K)
 Metaspace       used 168354K, committed 171392K, reserved 1245184K
  class space    used 22889K, committed 24320K, reserved 1048576K
}
Event: 27.685 GC heap after
{Heap after GC invocations=48 (full 0):
 garbage-first heap   total reserved 8388608K, committed 409600K, used 253826K [0x0000000600000000, 0x0000000800000000)
  region size 4096K, 4 young (16384K), 4 survivors (16384K)
 Metaspace       used 168354K, committed 171392K, reserved 1245184K
  class space    used 22889K, committed 24320K, reserved 1048576K
}
Event: 28.376 GC heap before
{Heap before GC invocations=49 (full 0):
 garbage-first heap   total reserved 8388608K, committed 446464K, used 360322K [0x0000000600000000, 0x0000000800000000)
  region size 4096K, 28 young (114688K), 4 survivors (16384K)
 Metaspace       used 168483K, committed 171520K, reserved 1245184K
  class space    used 22889K, committed 24320K, reserved 1048576K
}
Event: 28.384 GC heap after
{Heap after GC invocations=50 (full 0):
 garbage-first heap   total reserved 8388608K, committed 446464K, used 275353K [0x0000000600000000, 0x0000000800000000)
  region size 4096K, 4 young (16384K), 4 survivors (16384K)
 Metaspace       used 168483K, committed 171520K, reserved 1245184K
  class space    used 22889K, committed 24320K, reserved 1048576K
}
Event: 30.017 GC heap before
{Heap before GC invocations=50 (full 0):
 garbage-first heap   total reserved 8388608K, committed 446464K, used 385945K [0x0000000600000000, 0x0000000800000000)
  region size 4096K, 31 young (126976K), 4 survivors (16384K)
 Metaspace       used 172404K, committed 175424K, reserved 1245184K
  class space    used 23356K, committed 24768K, reserved 1048576K
}
Event: 30.033 GC heap after
{Heap after GC invocations=51 (full 0):
 garbage-first heap   total reserved 8388608K, committed 446464K, used 265195K [0x0000000600000000, 0x0000000800000000)
  region size 4096K, 3 young (12288K), 3 survivors (12288K)
 Metaspace       used 172404K, committed 175424K, reserved 1245184K
  class space    used 23356K, committed 24768K, reserved 1048576K
}
Event: 30.935 GC heap before
{Heap before GC invocations=51 (full 0):
 garbage-first heap   total reserved 8388608K, committed 446464K, used 388075K [0x0000000600000000, 0x0000000800000000)
  region size 4096K, 33 young (135168K), 3 survivors (12288K)
 Metaspace       used 175038K, committed 178112K, reserved 1245184K
  class space    used 23645K, committed 25088K, reserved 1048576K
}
Event: 30.942 GC heap after
{Heap after GC invocations=52 (full 0):
 garbage-first heap   total reserved 8388608K, committed 446464K, used 265320K [0x0000000600000000, 0x0000000800000000)
  region size 4096K, 2 young (8192K), 2 survivors (8192K)
 Metaspace       used 175038K, committed 178112K, reserved 1245184K
  class space    used 23645K, committed 25088K, reserved 1048576K
}
Event: 63.915 GC heap before
{Heap before GC invocations=53 (full 0):
 garbage-first heap   total reserved 8388608K, committed 446464K, used 396392K [0x0000000600000000, 0x0000000800000000)
  region size 4096K, 34 young (139264K), 2 survivors (8192K)
 Metaspace       used 175871K, committed 178944K, reserved 1245184K
  class space    used 23701K, committed 25152K, reserved 1048576K
}
Event: 63.927 GC heap after
{Heap after GC invocations=54 (full 0):
 garbage-first heap   total reserved 8388608K, committed 446464K, used 278467K [0x0000000600000000, 0x0000000800000000)
  region size 4096K, 5 young (20480K), 5 survivors (20480K)
 Metaspace       used 175871K, committed 178944K, reserved 1245184K
  class space    used 23701K, committed 25152K, reserved 1048576K
}
Event: 64.426 GC heap before
{Heap before GC invocations=54 (full 0):
 garbage-first heap   total reserved 8388608K, committed 446464K, used 417731K [0x0000000600000000, 0x0000000800000000)
  region size 4096K, 35 young (143360K), 5 survivors (20480K)
 Metaspace       used 175975K, committed 179136K, reserved 1245184K
  class space    used 23701K, committed 25216K, reserved 1048576K
}
Event: 64.454 GC heap after
{Heap after GC invocations=55 (full 0):
 garbage-first heap   total reserved 8388608K, committed 475136K, used 304049K [0x0000000600000000, 0x0000000800000000)
  region size 4096K, 5 young (20480K), 5 survivors (20480K)
 Metaspace       used 175975K, committed 179136K, reserved 1245184K
  class space    used 23701K, committed 25216K, reserved 1048576K
}
Event: 66.278 GC heap before
{Heap before GC invocations=55 (full 0):
 garbage-first heap   total reserved 8388608K, committed 475136K, used 418737K [0x0000000600000000, 0x0000000800000000)
  region size 4096K, 33 young (135168K), 5 survivors (20480K)
 Metaspace       used 177878K, committed 180992K, reserved 1245184K
  class space    used 23844K, committed 25344K, reserved 1048576K
}
Event: 66.285 GC heap after
{Heap after GC invocations=56 (full 0):
 garbage-first heap   total reserved 8388608K, committed 475136K, used 296796K [0x0000000600000000, 0x0000000800000000)
  region size 4096K, 1 young (4096K), 1 survivors (4096K)
 Metaspace       used 177878K, committed 180992K, reserved 1245184K
  class space    used 23844K, committed 25344K, reserved 1048576K
}
Event: 74.240 GC heap before
{Heap before GC invocations=57 (full 0):
 garbage-first heap   total reserved 8388608K, committed 475136K, used 411484K [0x0000000600000000, 0x0000000800000000)
  region size 4096K, 32 young (131072K), 1 survivors (4096K)
 Metaspace       used 181809K, committed 184896K, reserved 1245184K
  class space    used 24328K, committed 25792K, reserved 1048576K
}
Event: 74.250 GC heap after
{Heap after GC invocations=58 (full 0):
 garbage-first heap   total reserved 8388608K, committed 475136K, used 304153K [0x0000000600000000, 0x0000000800000000)
  region size 4096K, 4 young (16384K), 4 survivors (16384K)
 Metaspace       used 181809K, committed 184896K, reserved 1245184K
  class space    used 24328K, committed 25792K, reserved 1048576K
}
Event: 74.606 GC heap before
{Heap before GC invocations=58 (full 0):
 garbage-first heap   total reserved 8388608K, committed 475136K, used 435225K [0x0000000600000000, 0x0000000800000000)
  region size 4096K, 34 young (139264K), 4 survivors (16384K)
 Metaspace       used 181883K, committed 184960K, reserved 1245184K
  class space    used 24335K, committed 25792K, reserved 1048576K
}
Event: 74.627 GC heap after
{Heap after GC invocations=59 (full 0):
 garbage-first heap   total reserved 8388608K, committed 491520K, used 291279K [0x0000000600000000, 0x0000000800000000)
  region size 4096K, 5 young (20480K), 5 survivors (20480K)
 Metaspace       used 181883K, committed 184960K, reserved 1245184K
  class space    used 24335K, committed 25792K, reserved 1048576K
}
Event: 75.522 GC heap before
{Heap before GC invocations=59 (full 0):
 garbage-first heap   total reserved 8388608K, committed 491520K, used 422351K [0x0000000600000000, 0x0000000800000000)
  region size 4096K, 38 young (155648K), 5 survivors (20480K)
 Metaspace       used 182903K, committed 185984K, reserved 1245184K
  class space    used 24389K, committed 25856K, reserved 1048576K
}
Event: 75.545 GC heap after
{Heap after GC invocations=60 (full 0):
 garbage-first heap   total reserved 8388608K, committed 651264K, used 298053K [0x0000000600000000, 0x0000000800000000)
  region size 4096K, 5 young (20480K), 5 survivors (20480K)
 Metaspace       used 182903K, committed 185984K, reserved 1245184K
  class space    used 24389K, committed 25856K, reserved 1048576K
}

Dll operation events (16 events):
Event: 0.006 Loaded shared library C:\Program Files\Java\jdk-22\bin\java.dll
Event: 0.038 Loaded shared library C:\Program Files\Java\jdk-22\bin\jsvml.dll
Event: 0.069 Loaded shared library C:\Program Files\Java\jdk-22\bin\zip.dll
Event: 0.073 Loaded shared library C:\Program Files\Java\jdk-22\bin\instrument.dll
Event: 0.076 Loaded shared library C:\Program Files\Java\jdk-22\bin\net.dll
Event: 0.077 Loaded shared library C:\Program Files\Java\jdk-22\bin\nio.dll
Event: 0.080 Loaded shared library C:\Program Files\Java\jdk-22\bin\zip.dll
Event: 0.281 Loaded shared library C:\Program Files\Java\jdk-22\bin\jimage.dll
Event: 0.389 Loaded shared library C:\Program Files\Java\jdk-22\bin\verify.dll
Event: 0.519 Loaded shared library C:\Users\jimmy\.gradle\native\c067742578af261105cb4f569cf0c3c89f3d7b1fecec35dd04571415982c5e48\windows-amd64\native-platform.dll
Event: 0.525 Loaded shared library C:\Users\jimmy\.gradle\native\100fb08df4bc3b14c8652ba06237920a3bd2aa13389f12d3474272988ae205f9\windows-amd64\native-platform-file-events.dll
Event: 1.349 Loaded shared library C:\Program Files\Java\jdk-22\bin\management.dll
Event: 1.350 Loaded shared library C:\Program Files\Java\jdk-22\bin\management_ext.dll
Event: 1.502 Loaded shared library C:\Program Files\Java\jdk-22\bin\extnet.dll
Event: 1.607 Loaded shared library C:\Program Files\Java\jdk-22\bin\sunmscapi.dll
Event: 66.856 Loaded shared library C:\Program Files\Java\jdk-22\bin\rmi.dll

Deoptimization events (20 events):
Event: 76.129 Thread 0x000002dcffcf1360 Uncommon trap: trap_request=0xffffff66 fr.pc=0x000002dca0adf7c0 relative=0x00000000000004c0
Event: 76.129 Thread 0x000002dcffcf1360 Uncommon trap: reason=speculate_class_check action=maybe_recompile pc=0x000002dca0adf7c0 method=org.jetbrains.kotlin.types.KotlinTypeKt.isError(Lorg/jetbrains/kotlin/types/KotlinType;)Z @ 14 c2
Event: 76.129 Thread 0x000002dcffcf1360 DEOPT PACKING pc=0x000002dca0adf7c0 sp=0x000000f83c4eecc0
Event: 76.129 Thread 0x000002dcffcf1360 DEOPT UNPACKING pc=0x000002dc9f2346a2 sp=0x000000f83c4eeb18 mode 2
Event: 76.194 Thread 0x000002dcffcf1360 Uncommon trap: trap_request=0xffffffbe fr.pc=0x000002dca0ab2ad8 relative=0x0000000000008438
Event: 76.194 Thread 0x000002dcffcf1360 Uncommon trap: reason=profile_predicate action=maybe_recompile pc=0x000002dca0ab2ad8 method=org.jetbrains.org.objectweb.asm.ClassReader.accept(Lorg/jetbrains/org/objectweb/asm/ClassVisitor;[Lorg/jetbrains/org/objectweb/asm/Attribute;I)V @ 1176 c2
Event: 76.194 Thread 0x000002dcffcf1360 DEOPT PACKING pc=0x000002dca0ab2ad8 sp=0x000000f83c4f2bd0
Event: 76.194 Thread 0x000002dcffcf1360 DEOPT UNPACKING pc=0x000002dc9f2346a2 sp=0x000000f83c4f2be8 mode 2
Event: 76.222 Thread 0x000002dcffcf1360 Uncommon trap: trap_request=0xffffffbe fr.pc=0x000002dca0aec990 relative=0x00000000000023b0
Event: 76.222 Thread 0x000002dcffcf1360 Uncommon trap: reason=profile_predicate action=maybe_recompile pc=0x000002dca0aec990 method=org.jetbrains.kotlin.types.AbstractTypeChecker.collectAllSupertypesWithGivenTypeConstructor(Lorg/jetbrains/kotlin/types/TypeCheckerState;Lorg/jetbrains/kotlin/type
Event: 76.222 Thread 0x000002dcffcf1360 DEOPT PACKING pc=0x000002dca0aec990 sp=0x000000f83c4eed50
Event: 76.222 Thread 0x000002dcffcf1360 DEOPT UNPACKING pc=0x000002dc9f2346a2 sp=0x000000f83c4eecf0 mode 2
Event: 76.453 Thread 0x000002dcffcf1360 DEOPT PACKING pc=0x000002dc916478b8 sp=0x000000f83c4f6260
Event: 76.453 Thread 0x000002dcffcf1360 DEOPT UNPACKING pc=0x000002dc9f234e42 sp=0x000000f83c4f5770 mode 0
Event: 76.819 Thread 0x000002dcffcf1360 DEOPT PACKING pc=0x000002dc90d1e03b sp=0x000000f83c4f9180
Event: 76.819 Thread 0x000002dcffcf1360 DEOPT UNPACKING pc=0x000002dc9f234e42 sp=0x000000f83c4f86b8 mode 0
Event: 76.825 Thread 0x000002dcffcf1360 DEOPT PACKING pc=0x000002dc90d1e03b sp=0x000000f83c4f9180
Event: 76.825 Thread 0x000002dcffcf1360 DEOPT UNPACKING pc=0x000002dc9f234e42 sp=0x000000f83c4f86b8 mode 0
Event: 76.840 Thread 0x000002dcffcf1360 DEOPT PACKING pc=0x000002dc8f6737df sp=0x000000f83c4f9200
Event: 76.840 Thread 0x000002dcffcf1360 DEOPT UNPACKING pc=0x000002dc9f234e42 sp=0x000000f83c4f8660 mode 0

Classes loaded (20 events):
Event: 66.904 Loading class sun/rmi/transport/tcp/TCPTransport$ConnectionHandler
Event: 66.904 Loading class sun/rmi/transport/tcp/TCPTransport$ConnectionHandler done
Event: 66.907 Loading class sun/rmi/transport/Transport$1
Event: 66.907 Loading class sun/rmi/transport/Transport$1 done
Event: 66.908 Loading class sun/rmi/transport/DGCImpl$LeaseInfo
Event: 66.909 Loading class sun/rmi/transport/DGCImpl$LeaseInfo done
Event: 66.909 Loading class sun/rmi/transport/DGCImpl$1
Event: 66.909 Loading class sun/rmi/transport/DGCImpl$1 done
Event: 66.909 Loading class sun/rmi/transport/SequenceEntry
Event: 66.909 Loading class sun/rmi/transport/SequenceEntry done
Event: 73.737 Loading class java/util/Collections$UnmodifiableSortedMap
Event: 73.737 Loading class java/util/Collections$UnmodifiableSortedMap done
Event: 73.741 Loading class java/util/zip/Deflater
Event: 73.741 Loading class java/util/zip/Deflater done
Event: 73.742 Loading class java/util/zip/Deflater$DeflaterZStreamRef
Event: 73.742 Loading class java/util/zip/Deflater$DeflaterZStreamRef done
Event: 73.764 Loading class java/nio/StringCharBuffer
Event: 73.765 Loading class java/nio/StringCharBuffer done
Event: 74.251 Loading class sun/rmi/transport/DGCClient$EndpointEntry$CleanRequest
Event: 74.251 Loading class sun/rmi/transport/DGCClient$EndpointEntry$CleanRequest done

Classes unloaded (20 events):
Event: 66.383 Thread 0x000002dcbcd50c70 Unloading class 0x000002dcc08a9a98 '_BuildScript_$_run_closure1'
Event: 66.383 Thread 0x000002dcbcd50c70 Unloading class 0x000002dcc08a9568 '_BuildScript_'
Event: 66.383 Thread 0x000002dcbcd50c70 Unloading class 0x000002dcc08a92b0 'GradleAnnotationProcessorPatchPlugin$AnnotationProcessorModelBuilder'
Event: 66.383 Thread 0x000002dcbcd50c70 Unloading class 0x000002dcc08a9000 'GradleAnnotationProcessorPatchPlugin'
Event: 66.383 Thread 0x000002dcbcd50c70 Unloading class 0x000002dcc089a000 '_BuildScript_$_run_closure3'
Event: 66.383 Thread 0x000002dcbcd50c70 Unloading class 0x000002dcc0899b58 '_BuildScript_$_run_closure2$_closure8$_closure9$_closure10$_closure11'
Event: 66.383 Thread 0x000002dcbcd50c70 Unloading class 0x000002dcc0899770 '_BuildScript_$_run_closure2$_closure8$_closure9$_closure10'
Event: 66.383 Thread 0x000002dcbcd50c70 Unloading class 0x000002dcc0899388 '_BuildScript_$_run_closure2$_closure8$_closure9'
Event: 66.383 Thread 0x000002dcbcd50c70 Unloading class 0x000002dcc0898fa0 '_BuildScript_$_run_closure2$_closure8'
Event: 66.383 Thread 0x000002dcbcd50c70 Unloading class 0x000002dcc0898bb8 '_BuildScript_$_run_closure2$_closure7'
Event: 66.383 Thread 0x000002dcbcd50c70 Unloading class 0x000002dcc08987d0 '_BuildScript_$_run_closure2$_closure6'
Event: 66.383 Thread 0x000002dcbcd50c70 Unloading class 0x000002dcc08983e8 '_BuildScript_$_run_closure2$_closure5'
Event: 66.383 Thread 0x000002dcbcd50c70 Unloading class 0x000002dcc0898000 '_BuildScript_$_run_closure2'
Event: 66.383 Thread 0x000002dcbcd50c70 Unloading class 0x000002dcc0891920 '_BuildScript_$_run_closure1$_closure4'
Event: 66.383 Thread 0x000002dcbcd50c70 Unloading class 0x000002dcc0891538 '_BuildScript_$_run_closure1'
Event: 66.383 Thread 0x000002dcbcd50c70 Unloading class 0x000002dcc0891000 '_BuildScript_'
Event: 66.383 Thread 0x000002dcbcd50c70 Unloading class 0x000002dcc088d000 '_BuildScript_$_run_closure1$_closure3'
Event: 66.383 Thread 0x000002dcbcd50c70 Unloading class 0x000002dcc088c920 '_BuildScript_$_run_closure1$_closure2'
Event: 66.383 Thread 0x000002dcbcd50c70 Unloading class 0x000002dcc088c538 '_BuildScript_$_run_closure1'
Event: 66.383 Thread 0x000002dcbcd50c70 Unloading class 0x000002dcc088c000 '_BuildScript_'

Classes redefined (0 events):
No events

Internal exceptions (20 events):
Event: 75.161 Thread 0x000002dcffcf1360 Exception <a 'sun/nio/fs/WindowsException'{0x0000000617f162f8}> (0x0000000617f162f8) 
thrown [s\open\src\hotspot\share\prims\jni.cpp, line 520]
Event: 75.221 Thread 0x000002dcffcf1360 Exception <a 'java/lang/NoSuchMethodError'{0x000000061750e7f0}: 'org.gradle.internal.buildoption.BuildOption$Value org.gradle.api.internal.StartParameterInternal.getIsolatedProjects()'> (0x000000061750e7f0) 
thrown [s\open\src\hotspot\share\interpreter\linkResolver.cpp, line 774]
Event: 75.387 Thread 0x000002dcffcf1360 Exception <a 'sun/nio/fs/WindowsException'{0x0000000615b4a4f0}> (0x0000000615b4a4f0) 
thrown [s\open\src\hotspot\share\prims\jni.cpp, line 520]
Event: 75.387 Thread 0x000002dcffcf1360 Exception <a 'sun/nio/fs/WindowsException'{0x0000000615b4c538}> (0x0000000615b4c538) 
thrown [s\open\src\hotspot\share\prims\jni.cpp, line 520]
Event: 75.390 Thread 0x000002dcffcf1360 Implicit null exception at 0x000002dca09d7756 to 0x000002dca09d7fe0
Event: 76.333 Thread 0x000002dcffcf1360 Exception <a 'sun/nio/fs/WindowsException'{0x000000061f5624c0}> (0x000000061f5624c0) 
thrown [s\open\src\hotspot\share\prims\jni.cpp, line 520]
Event: 76.333 Thread 0x000002dcffcf1360 Exception <a 'sun/nio/fs/WindowsException'{0x000000061f564670}> (0x000000061f564670) 
thrown [s\open\src\hotspot\share\prims\jni.cpp, line 520]
Event: 76.335 Thread 0x000002dcffcf1360 Exception <a 'sun/nio/fs/WindowsException'{0x000000061f56f370}> (0x000000061f56f370) 
thrown [s\open\src\hotspot\share\prims\jni.cpp, line 520]
Event: 76.336 Thread 0x000002dcffcf1360 Exception <a 'sun/nio/fs/WindowsException'{0x000000061f577aa8}> (0x000000061f577aa8) 
thrown [s\open\src\hotspot\share\prims\jni.cpp, line 520]
Event: 76.338 Thread 0x000002dcffcf1360 Exception <a 'sun/nio/fs/WindowsException'{0x000000061f583518}> (0x000000061f583518) 
thrown [s\open\src\hotspot\share\prims\jni.cpp, line 520]
Event: 76.339 Thread 0x000002dcffcf1360 Exception <a 'sun/nio/fs/WindowsException'{0x000000061f58cea8}> (0x000000061f58cea8) 
thrown [s\open\src\hotspot\share\prims\jni.cpp, line 520]
Event: 76.341 Thread 0x000002dcffcf1360 Exception <a 'sun/nio/fs/WindowsException'{0x000000061f5969d8}> (0x000000061f5969d8) 
thrown [s\open\src\hotspot\share\prims\jni.cpp, line 520]
Event: 76.342 Thread 0x000002dcffcf1360 Exception <a 'sun/nio/fs/WindowsException'{0x000000061f5a34c8}> (0x000000061f5a34c8) 
thrown [s\open\src\hotspot\share\prims\jni.cpp, line 520]
Event: 76.344 Thread 0x000002dcffcf1360 Exception <a 'sun/nio/fs/WindowsException'{0x000000061f5aae90}> (0x000000061f5aae90) 
thrown [s\open\src\hotspot\share\prims\jni.cpp, line 520]
Event: 76.345 Thread 0x000002dcffcf1360 Exception <a 'sun/nio/fs/WindowsException'{0x000000061f5b4c40}> (0x000000061f5b4c40) 
thrown [s\open\src\hotspot\share\prims\jni.cpp, line 520]
Event: 76.348 Thread 0x000002dcffcf1360 Exception <a 'sun/nio/fs/WindowsException'{0x000000061f5bc458}> (0x000000061f5bc458) 
thrown [s\open\src\hotspot\share\prims\jni.cpp, line 520]
Event: 76.622 Thread 0x000002dcffcf1360 Exception <a 'java/lang/ClassNotFoundException'{0x000000061dafde48}: build_bblxm07ufjz74v81u0bn1uz1wBeanInfo> (0x000000061dafde48) 
thrown [s\open\src\hotspot\share\classfile\systemDictionary.cpp, line 313]
Event: 76.622 Thread 0x000002dcffcf1360 Exception <a 'java/lang/ClassNotFoundException'{0x000000061db047c0}: build_bblxm07ufjz74v81u0bn1uz1wCustomizer> (0x000000061db047c0) 
thrown [s\open\src\hotspot\share\classfile\systemDictionary.cpp, line 313]
Event: 76.841 Thread 0x000002dcffcf1360 Exception <a 'java/lang/ClassNotFoundException'{0x0000000618ddfe20}: build_bblxm07ufjz74v81u0bn1uz1wBeanInfo> (0x0000000618ddfe20) 
thrown [s\open\src\hotspot\share\classfile\systemDictionary.cpp, line 313]
Event: 76.842 Thread 0x000002dcffcf1360 Exception <a 'java/lang/ClassNotFoundException'{0x0000000618de6730}: build_bblxm07ufjz74v81u0bn1uz1wCustomizer> (0x0000000618de6730) 
thrown [s\open\src\hotspot\share\classfile\systemDictionary.cpp, line 313]

ZGC Phase Switch (0 events):
No events

VM Operations (20 events):
Event: 74.841 Executing VM operation: ICBufferFull
Event: 74.841 Executing VM operation: ICBufferFull done
Event: 74.968 Executing VM operation: ICBufferFull
Event: 74.969 Executing VM operation: ICBufferFull done
Event: 75.068 Executing VM operation: ICBufferFull
Event: 75.068 Executing VM operation: ICBufferFull done
Event: 75.095 Executing VM operation: HandshakeAllThreads (Deoptimize)
Event: 75.095 Executing VM operation: HandshakeAllThreads (Deoptimize) done
Event: 75.209 Executing VM operation: ICBufferFull
Event: 75.209 Executing VM operation: ICBufferFull done
Event: 75.522 Executing VM operation: G1CollectForAllocation (G1 Evacuation Pause)
Event: 75.545 Executing VM operation: G1CollectForAllocation (G1 Evacuation Pause) done
Event: 76.030 Executing VM operation: ICBufferFull
Event: 76.030 Executing VM operation: ICBufferFull done
Event: 76.165 Executing VM operation: ICBufferFull
Event: 76.165 Executing VM operation: ICBufferFull done
Event: 76.278 Executing VM operation: ICBufferFull
Event: 76.278 Executing VM operation: ICBufferFull done
Event: 76.907 Executing VM operation: ICBufferFull
Event: 76.908 Executing VM operation: ICBufferFull done

Events (20 events):
Event: 76.644 Thread 0x000002dd0061b8a0 Thread added: 0x000002dd0061b8a0
Event: 76.644 Thread 0x000002dd0061bf30 Thread added: 0x000002dd0061bf30
Event: 76.644 Thread 0x000002dd0061c5c0 Thread added: 0x000002dd0061c5c0
Event: 76.656 Thread 0x000002dd0061cc50 Thread added: 0x000002dd0061cc50
Event: 76.656 Thread 0x000002dd006197d0 Thread added: 0x000002dd006197d0
Event: 76.657 Thread 0x000002dd00619140 Thread added: 0x000002dd00619140
Event: 76.657 Thread 0x000002dd00619e60 Thread added: 0x000002dd00619e60
Event: 76.658 Thread 0x000002dd00617700 Thread added: 0x000002dd00617700
Event: 76.659 Thread 0x000002dd0061d2e0 Thread added: 0x000002dd0061d2e0
Event: 76.659 Thread 0x000002dd0061d970 Thread added: 0x000002dd0061d970
Event: 76.660 Thread 0x000002dd0061e000 Thread added: 0x000002dd0061e000
Event: 76.660 Thread 0x000002dd00617070 Thread added: 0x000002dd00617070
Event: 76.661 Thread 0x000002dd0061e690 Thread added: 0x000002dd0061e690
Event: 76.661 Thread 0x000002dd00618420 Thread added: 0x000002dd00618420
Event: 76.662 Thread 0x000002dd00618ab0 Thread added: 0x000002dd00618ab0
Event: 76.663 Thread 0x000002dd016e7180 Thread added: 0x000002dd016e7180
Event: 76.663 Thread 0x000002dd016eb320 Thread added: 0x000002dd016eb320
Event: 76.664 Thread 0x000002dd016ec040 Thread added: 0x000002dd016ec040
Event: 76.702 Thread 0x000002dd07709da0 Thread added: 0x000002dd07709da0
Event: 76.702 Thread 0x000002dd07707b90 Thread added: 0x000002dd07707b90


Dynamic libraries:
0x00007ff6294e0000 - 0x00007ff6294f0000 	C:\Program Files\Java\jdk-22\bin\java.exe
0x00007fff11570000 - 0x00007fff11768000 	C:\Windows\SYSTEM32\ntdll.dll
0x00007fff0f5a0000 - 0x00007fff0f662000 	C:\Windows\System32\KERNEL32.DLL
0x00007fff0ec10000 - 0x00007fff0ef06000 	C:\Windows\System32\KERNELBASE.dll
0x00007fff0f420000 - 0x00007fff0f520000 	C:\Windows\System32\ucrtbase.dll
0x00007ffeeef50000 - 0x00007ffeeef67000 	C:\Program Files\Java\jdk-22\bin\jli.dll
0x00007fff0bda0000 - 0x00007fff0bdbb000 	C:\Program Files\Java\jdk-22\bin\VCRUNTIME140.dll
0x00007fff10140000 - 0x00007fff101ef000 	C:\Windows\System32\ADVAPI32.dll
0x00007fff10510000 - 0x00007fff105ae000 	C:\Windows\System32\msvcrt.dll
0x00007fff10690000 - 0x00007fff1072f000 	C:\Windows\System32\sechost.dll
0x00007fff11250000 - 0x00007fff11373000 	C:\Windows\System32\RPCRT4.dll
0x00007fff0f340000 - 0x00007fff0f367000 	C:\Windows\System32\bcrypt.dll
0x00007fff110b0000 - 0x00007fff1124d000 	C:\Windows\System32\USER32.dll
0x00007ffefba70000 - 0x00007ffefbd0a000 	C:\Windows\WinSxS\amd64_microsoft.windows.common-controls_6595b64144ccf1df_6.0.19041.5794_none_60bcd33171f2783c\COMCTL32.dll
0x00007fff0ef10000 - 0x00007fff0ef32000 	C:\Windows\System32\win32u.dll
0x00007fff10840000 - 0x00007fff1086b000 	C:\Windows\System32\GDI32.dll
0x00007fff0f0c0000 - 0x00007fff0f1da000 	C:\Windows\System32\gdi32full.dll
0x00007fff0f020000 - 0x00007fff0f0bd000 	C:\Windows\System32\msvcp_win.dll
0x00007fff03750000 - 0x00007fff0375a000 	C:\Windows\SYSTEM32\VERSION.dll
0x00007fff10410000 - 0x00007fff1043f000 	C:\Windows\System32\IMM32.DLL
0x00007fff0bd90000 - 0x00007fff0bd9c000 	C:\Program Files\Java\jdk-22\bin\vcruntime140_1.dll
0x00007ffedc0d0000 - 0x00007ffedc15e000 	C:\Program Files\Java\jdk-22\bin\msvcp140.dll
0x00007ffe93260000 - 0x00007ffe93fa7000 	C:\Program Files\Java\jdk-22\bin\server\jvm.dll
0x00007fff11460000 - 0x00007fff114cb000 	C:\Windows\System32\WS2_32.dll
0x00007fff03720000 - 0x00007fff03747000 	C:\Windows\SYSTEM32\WINMM.dll
0x00007fff0e9c0000 - 0x00007fff0ea0b000 	C:\Windows\SYSTEM32\POWRPROF.dll
0x00007fff0e9a0000 - 0x00007fff0e9b2000 	C:\Windows\SYSTEM32\UMPDC.dll
0x00007fff0d430000 - 0x00007fff0d442000 	C:\Windows\SYSTEM32\kernel.appcore.dll
0x00007fff05550000 - 0x00007fff0555a000 	C:\Program Files\Java\jdk-22\bin\jimage.dll
0x00007fff0d200000 - 0x00007fff0d401000 	C:\Windows\SYSTEM32\DBGHELP.DLL
0x00007ffeec130000 - 0x00007ffeec164000 	C:\Windows\SYSTEM32\dbgcore.DLL
0x00007fff0ef90000 - 0x00007fff0f012000 	C:\Windows\System32\bcryptPrimitives.dll
0x00007fff097b0000 - 0x00007fff097bf000 	C:\Program Files\Java\jdk-22\bin\instrument.dll
0x00007fff0bd70000 - 0x00007fff0bd8e000 	C:\Program Files\Java\jdk-22\bin\java.dll
0x00007fff10940000 - 0x00007fff110ae000 	C:\Windows\System32\SHELL32.dll
0x00007fff0f670000 - 0x00007fff0f79b000 	C:\Windows\System32\ole32.dll
0x00007fff0fd30000 - 0x00007fff10083000 	C:\Windows\System32\combase.dll
0x00007fff0c910000 - 0x00007fff0d0b3000 	C:\Windows\SYSTEM32\windows.storage.dll
0x00007fff0e570000 - 0x00007fff0e59b000 	C:\Windows\SYSTEM32\Wldp.dll
0x00007fff10870000 - 0x00007fff1093d000 	C:\Windows\System32\OLEAUT32.dll
0x00007fff10090000 - 0x00007fff1013d000 	C:\Windows\System32\SHCORE.dll
0x00007fff10630000 - 0x00007fff10685000 	C:\Windows\System32\shlwapi.dll
0x00007fff0eb40000 - 0x00007fff0eb65000 	C:\Windows\SYSTEM32\profapi.dll
0x00007ffe93180000 - 0x00007ffe93257000 	C:\Program Files\Java\jdk-22\bin\jsvml.dll
0x00007fff01640000 - 0x00007fff01657000 	C:\Program Files\Java\jdk-22\bin\zip.dll
0x00007fff05540000 - 0x00007fff05550000 	C:\Program Files\Java\jdk-22\bin\net.dll
0x00007fff0e2d0000 - 0x00007fff0e33c000 	C:\Windows\system32\mswsock.dll
0x00007fff051c0000 - 0x00007fff051d6000 	C:\Program Files\Java\jdk-22\bin\nio.dll
0x00007fff051b0000 - 0x00007fff051c0000 	C:\Program Files\Java\jdk-22\bin\verify.dll
0x00007ffe90760000 - 0x00007ffe90787000 	C:\Users\jimmy\.gradle\native\c067742578af261105cb4f569cf0c3c89f3d7b1fecec35dd04571415982c5e48\windows-amd64\native-platform.dll
0x00007ffee7ec0000 - 0x00007ffee8004000 	C:\Users\jimmy\.gradle\native\100fb08df4bc3b14c8652ba06237920a3bd2aa13389f12d3474272988ae205f9\windows-amd64\native-platform-file-events.dll
0x00007ffee15e0000 - 0x00007ffee15ea000 	C:\Program Files\Java\jdk-22\bin\management.dll
0x00007ffee15d0000 - 0x00007ffee15db000 	C:\Program Files\Java\jdk-22\bin\management_ext.dll
0x00007fff10440000 - 0x00007fff10448000 	C:\Windows\System32\PSAPI.DLL
0x00007fff0e4c0000 - 0x00007fff0e4d8000 	C:\Windows\SYSTEM32\CRYPTSP.dll
0x00007fff0dbf0000 - 0x00007fff0dc28000 	C:\Windows\system32\rsaenh.dll
0x00007fff0eb00000 - 0x00007fff0eb2e000 	C:\Windows\SYSTEM32\USERENV.dll
0x00007fff0e4e0000 - 0x00007fff0e4ec000 	C:\Windows\SYSTEM32\CRYPTBASE.dll
0x00007fff0dfb0000 - 0x00007fff0dfeb000 	C:\Windows\SYSTEM32\IPHLPAPI.DLL
0x00007fff10400000 - 0x00007fff10408000 	C:\Windows\System32\NSI.dll
0x00007fff06790000 - 0x00007fff06799000 	C:\Program Files\Java\jdk-22\bin\extnet.dll
0x00007ffed7cd0000 - 0x00007ffed7cde000 	C:\Program Files\Java\jdk-22\bin\sunmscapi.dll
0x00007fff0f1e0000 - 0x00007fff0f33d000 	C:\Windows\System32\CRYPT32.dll
0x00007fff0e5e0000 - 0x00007fff0e607000 	C:\Windows\SYSTEM32\ncrypt.dll
0x00007fff0e5a0000 - 0x00007fff0e5db000 	C:\Windows\SYSTEM32\NTASN1.dll
0x00007ffee1c50000 - 0x00007ffee1c57000 	C:\Windows\system32\wshunix.dll
0x00007ffee9fb0000 - 0x00007ffee9fc7000 	C:\Windows\system32\napinsp.dll
0x00007ffee9fd0000 - 0x00007ffee9feb000 	C:\Windows\system32\pnrpnsp.dll
0x00007fff0b4f0000 - 0x00007fff0b50d000 	C:\Windows\system32\wshbth.dll
0x00007fff094b0000 - 0x00007fff094cd000 	C:\Windows\system32\NLAapi.dll
0x00007fff0dff0000 - 0x00007fff0e0ba000 	C:\Windows\SYSTEM32\DNSAPI.dll
0x00007ffee9ff0000 - 0x00007ffeea002000 	C:\Windows\System32\winrnr.dll
0x00000000664b0000 - 0x00000000664bb000 	C:\Program Files\National Instruments\Shared\mDNS Responder\nimdnsNSP.dll
0x0000000066490000 - 0x00000000664a1000 	C:\Windows\SYSTEM32\nimdnsResponder.dll
0x00007fff07520000 - 0x00007fff0752a000 	C:\Windows\System32\rasadhlp.dll
0x00007fff04a40000 - 0x00007fff04ac0000 	C:\Windows\System32\fwpuclnt.dll
0x00007fff09730000 - 0x00007fff09737000 	C:\Program Files\Java\jdk-22\bin\rmi.dll

dbghelp: loaded successfully - version: 4.0.5 - missing functions: none
symbol engine: initialized successfully - sym options: 0x614 - pdb path: .;C:\Program Files\Java\jdk-22\bin;C:\Windows\SYSTEM32;C:\Windows\WinSxS\amd64_microsoft.windows.common-controls_6595b64144ccf1df_6.0.19041.5794_none_60bcd33171f2783c;C:\Program Files\Java\jdk-22\bin\server;C:\Users\jimmy\.gradle\native\c067742578af261105cb4f569cf0c3c89f3d7b1fecec35dd04571415982c5e48\windows-amd64;C:\Users\jimmy\.gradle\native\100fb08df4bc3b14c8652ba06237920a3bd2aa13389f12d3474272988ae205f9\windows-amd64;C:\Program Files\National Instruments\Shared\mDNS Responder

VM Arguments:
jvm_args: -XX:MaxMetaspaceSize=4G -XX:ReservedCodeCacheSize=512m -XX:+HeapDumpOnOutOfMemoryError --add-opens=java.base/java.util=ALL-UNNAMED --add-opens=java.base/java.lang=ALL-UNNAMED --add-opens=java.base/java.lang.invoke=ALL-UNNAMED --add-opens=java.prefs/java.util.prefs=ALL-UNNAMED --add-exports=jdk.compiler/com.sun.tools.javac.api=ALL-UNNAMED --add-exports=jdk.compiler/com.sun.tools.javac.util=ALL-UNNAMED --add-opens=java.base/java.nio.charset=ALL-UNNAMED --add-opens=java.base/java.net=ALL-UNNAMED --add-opens=java.base/java.util.concurrent.atomic=ALL-UNNAMED -Xmx8G -Dfile.encoding=utf8 -Duser.country=TW -Duser.language=zh -Duser.variant -javaagent:C:\Users\jimmy\.gradle\wrapper\dists\gradle-8.10.2-all\7iv73wktx1xtkvlq19urqw1wm\gradle-8.10.2\lib\agents\gradle-instrumentation-agent-8.10.2.jar 
java_command: org.gradle.launcher.daemon.bootstrap.GradleDaemon 8.10.2
java_class_path (initial): C:\Users\jimmy\.gradle\wrapper\dists\gradle-8.10.2-all\7iv73wktx1xtkvlq19urqw1wm\gradle-8.10.2\lib\gradle-daemon-main-8.10.2.jar
Launcher Type: SUN_STANDARD

[Global flags]
     intx CICompilerCount                          = 12                                        {product} {ergonomic}
     uint ConcGCThreads                            = 3                                         {product} {ergonomic}
     uint G1ConcRefinementThreads                  = 13                                        {product} {ergonomic}
   size_t G1HeapRegionSize                         = 4194304                                   {product} {ergonomic}
     bool HeapDumpOnOutOfMemoryError               = true                                   {manageable} {command line}
   size_t InitialHeapSize                          = 524288000                                 {product} {ergonomic}
   size_t MarkStackSize                            = 4194304                                   {product} {ergonomic}
   size_t MaxHeapSize                              = 8589934592                                {product} {command line}
   size_t MaxMetaspaceSize                         = 4294967296                                {product} {command line}
   size_t MaxNewSize                               = 5150605312                                {product} {ergonomic}
   size_t MinHeapDeltaBytes                        = 4194304                                   {product} {ergonomic}
   size_t MinHeapSize                              = 8388608                                   {product} {ergonomic}
    uintx NonNMethodCodeHeapSize                   = 7602480                                {pd product} {ergonomic}
    uintx NonProfiledCodeHeapSize                  = 264634216                              {pd product} {ergonomic}
    uintx ProfiledCodeHeapSize                     = 264634216                              {pd product} {ergonomic}
    uintx ReservedCodeCacheSize                    = 536870912                              {pd product} {command line}
     bool SegmentedCodeCache                       = true                                      {product} {ergonomic}
   size_t SoftMaxHeapSize                          = 8589934592                             {manageable} {ergonomic}
     bool UseCompressedOops                        = true                           {product lp64_product} {ergonomic}
     bool UseG1GC                                  = true                                      {product} {ergonomic}
     bool UseLargePagesIndividualAllocation        = false                                  {pd product} {ergonomic}

Logging:
Log output configuration:
 #0: stdout all=warning uptime,level,tags foldmultilines=false
 #1: stderr all=off uptime,level,tags foldmultilines=false

Environment Variables:
JAVA_HOME=C:\Program Files\Java\jdk-22
PATH=D:\Jimmy\dart\flutter\bin;D:\Jimmy\cmake\bin;C:\Program Files\National Instruments\Shared\OpenVINO\;C:\Program Files (x86)\VMware\VMware Workstation\bin\;C:\Program Files\Common Files\Oracle\Java\javapath;C:\Windows\system32;C:\Windows;C:\Windows\System32\Wbem;C:\Windows\System32\WindowsPowerShell\v1.0\;C:\Windows\System32\OpenSSH\;C:\Program Files\dotnet\;D:\Jimmy\Desktop\{s\003;D:\Jimmy\Desktop\code\javascript\node.js\;C:\Program Files\Git\cmd;C:\Program Files\Microsoft SQL Server\150\Tools\Binn\;C:\Program Files\Microsoft SQL Server\Client SDK\ODBC\170\Tools\Binn\;C:\Users\jimmy\Desktop\skia en\skia\third_party\externals\emsdk;C:\Users\jimmy\Desktop\skia en\skia\third_party\externals\emsdk\upstream\emscripten;C:\Users\jimmy\AppData\Local\Programs\Python\Python313;C:\Program Files\Java\jdk-22\bin;D:\Jimmy\vs\Microsoft VS Code\bin;D:\Jimmy\kotlin-native-prebuilt-windows-x86_64-2.1.10\bin;D:\Jimmy\kotlinc\bin;C:\Users\jimmy\AppData\Local\Android\Sdk\emulator;C:\Users\jimmy\AppData\Local\Android\Sdk\platform-tools;C:\Users\jimmy\AppData\Local\Android\Sdk\tools;C:\Users\jimmy\AppData\Local\Android\Sdk\tools\bin;D:\Windows Kits\10\Windows Performance Toolkit\;C:\Users\jimmy\AppData\Local\jdk-11.0.2\bin;C:\Users\jimmy\AppData\Local\jdk-11.0.2\bin;C:\Users\jimmy\AppData\Local\jdk-11.0.2\bin;C:\Users\jimmy\AppData\Local\Programs\Python\Python313\Scripts\;C:\Users\jimmy\AppData\Local\Programs\Python\Python313\;D:\Jimmy\dart\flutter\bin;D:\JImmy\vs\Microsoft VS Code\bin;D:\Jimmy\kotlinc\lib;D:\Jimmy\cmake\bin;C:\Program Files\National Instruments\Shared\OpenVINO\;C:\Program Files (x86)\VMware\VMware Workstation\bin\;C:\Program Files\Common Files\Oracle\Java\javapath;C:\Windows\system32;C:\Windows;C:\Windows\System32\Wbem;C:\Windows\System32\WindowsPowerShell\v1.0\;C:\Windows\System32\OpenSSH\;C:\Program Files\dotnet\;D:\Jimmy\Desktop\code\javascript\node.js\;C:\Program Files\Git\cmd;C:\Program Files\Microsoft SQL Server\150\Tools\Binn\;C:\Program Files\Microsoft SQL Server\Client SDK\ODBC\170\Tools\Binn\;D:\Windows Kits\10\Windows Performance Toolkit\;C:\Users\jimmy\AppData\Local\Programs\Python\Python313;C:\Program Files\Java\jdk-22\bin;D:\Jimmy\vs\Microsoft VS Code\b
USERNAME=jimmy
OS=Windows_NT
PROCESSOR_IDENTIFIER=AMD64 Family 23 Model 96 Stepping 1, AuthenticAMD
TMP=C:\Users\jimmy\AppData\Local\Temp
TEMP=C:\Users\jimmy\AppData\Local\Temp




Periodic native trim disabled

---------------  S Y S T E M  ---------------

OS:
 Windows 10 , 64 bit Build 19041 (10.0.19041.5794)
OS uptime: 1 days 6:53 hours

CPU: total 16 (initial active 16) (16 cores per cpu, 2 threads per core) family 23 model 96 stepping 1 microcode 0x0, cx8, cmov, fxsr, ht, mmx, 3dnowpref, sse, sse2, sse3, ssse3, sse4a, sse4.1, sse4.2, popcnt, lzcnt, tsc, tscinvbit, avx, avx2, aes, clmul, bmi1, bmi2, adx, sha, fma, vzeroupper, clflush, clflushopt, rdtscp, rdpid, f16c
Processor Information for all 16 processors :
  Max Mhz: 1700, Current Mhz: 1700, Mhz Limit: 1700

Memory: 4k page, system-wide physical 31975M (7983M free)
TotalPageFile size 36071M (AvailPageFile size 13M)
current process WorkingSet (physical memory assigned to process): 1158M, peak: 1164M
current process commit charge ("private bytes"): 1219M, peak: 1231M

vm_info: Java HotSpot(TM) 64-Bit Server VM (22.0.1+8-16) for windows-amd64 JRE (22.0.1+8-16), built on 2024-03-12T10:33:16Z by "mach5one" with MS VC++ 17.6 (VS2022)

END.
